The system is: Linux - 4.4.0-59-generic - x86_64
Compiling the C compiler identification source file "CMakeCCompilerId.c" succeeded.
Compiler: /usr/bin/cc 
Build flags: 
Id flags: 

The output was:
0


Compilation of the C compiler identification source "CMakeCCompilerId.c" produced "a.out"

The C compiler identification is GNU, found in "/home/neil/Documents/cs4098/check/build/CMakeFiles/2.8.12.2/CompilerIdC/a.out"

Determining if the C compiler works passed with the following output:
Change Dir: /home/neil/Documents/cs4098/check/build/CMakeFiles/CMakeTmp

Run Build Command:/usr/bin/make "cmTryCompileExec4287256619/fast"
/usr/bin/make -f CMakeFiles/cmTryCompileExec4287256619.dir/build.make CMakeFiles/cmTryCompileExec4287256619.dir/build
make[1]: Entering directory `/home/neil/Documents/cs4098/check/build/CMakeFiles/CMakeTmp'
/usr/bin/cmake -E cmake_progress_report /home/neil/Documents/cs4098/check/build/CMakeFiles/CMakeTmp/CMakeFiles 1
Building C object CMakeFiles/cmTryCompileExec4287256619.dir/testCCompiler.c.o
/usr/bin/cc    -o CMakeFiles/cmTryCompileExec4287256619.dir/testCCompiler.c.o   -c /home/neil/Documents/cs4098/check/build/CMakeFiles/CMakeTmp/testCCompiler.c
Linking C executable cmTryCompileExec4287256619
/usr/bin/cmake -E cmake_link_script CMakeFiles/cmTryCompileExec4287256619.dir/link.txt --verbose=1
/usr/bin/cc       CMakeFiles/cmTryCompileExec4287256619.dir/testCCompiler.c.o  -o cmTryCompileExec4287256619 -rdynamic 
make[1]: Leaving directory `/home/neil/Documents/cs4098/check/build/CMakeFiles/CMakeTmp'


Detecting C compiler ABI info compiled with the following output:
Change Dir: /home/neil/Documents/cs4098/check/build/CMakeFiles/CMakeTmp

Run Build Command:/usr/bin/make "cmTryCompileExec4208358132/fast"
/usr/bin/make -f CMakeFiles/cmTryCompileExec4208358132.dir/build.make CMakeFiles/cmTryCompileExec4208358132.dir/build
make[1]: Entering directory `/home/neil/Documents/cs4098/check/build/CMakeFiles/CMakeTmp'
/usr/bin/cmake -E cmake_progress_report /home/neil/Documents/cs4098/check/build/CMakeFiles/CMakeTmp/CMakeFiles 1
Building C object CMakeFiles/cmTryCompileExec4208358132.dir/CMakeCCompilerABI.c.o
/usr/bin/cc    -o CMakeFiles/cmTryCompileExec4208358132.dir/CMakeCCompilerABI.c.o   -c /usr/share/cmake-2.8/Modules/CMakeCCompilerABI.c
Linking C executable cmTryCompileExec4208358132
/usr/bin/cmake -E cmake_link_script CMakeFiles/cmTryCompileExec4208358132.dir/link.txt --verbose=1
/usr/bin/cc     -v CMakeFiles/cmTryCompileExec4208358132.dir/CMakeCCompilerABI.c.o  -o cmTryCompileExec4208358132 -rdynamic  
Using built-in specs.
COLLECT_GCC=/usr/bin/cc
COLLECT_LTO_WRAPPER=/usr/lib/gcc/x86_64-linux-gnu/4.8/lto-wrapper
Target: x86_64-linux-gnu
Configured with: ../src/configure -v --with-pkgversion='Ubuntu 4.8.4-2ubuntu1~14.04.3' --with-bugurl=file:///usr/share/doc/gcc-4.8/README.Bugs --enable-languages=c,c++,java,go,d,fortran,objc,obj-c++ --prefix=/usr --program-suffix=-4.8 --enable-shared --enable-linker-build-id --libexecdir=/usr/lib --without-included-gettext --enable-threads=posix --with-gxx-include-dir=/usr/include/c++/4.8 --libdir=/usr/lib --enable-nls --with-sysroot=/ --enable-clocale=gnu --enable-libstdcxx-debug --enable-libstdcxx-time=yes --enable-gnu-unique-object --disable-libmudflap --enable-plugin --with-system-zlib --disable-browser-plugin --enable-java-awt=gtk --enable-gtk-cairo --with-java-home=/usr/lib/jvm/java-1.5.0-gcj-4.8-amd64/jre --enable-java-home --with-jvm-root-dir=/usr/lib/jvm/java-1.5.0-gcj-4.8-amd64 --with-jvm-jar-dir=/usr/lib/jvm-exports/java-1.5.0-gcj-4.8-amd64 --with-arch-directory=amd64 --with-ecj-jar=/usr/share/java/eclipse-ecj.jar --enable-objc-gc --enable-multiarch --disable-werror --with-arch-32=i686 --with-abi=m64 --with-multilib-list=m32,m64,mx32 --with-tune=generic --enable-checking=release --build=x86_64-linux-gnu --host=x86_64-linux-gnu --target=x86_64-linux-gnu
Thread model: posix
gcc version 4.8.4 (Ubuntu 4.8.4-2ubuntu1~14.04.3) 
COMPILER_PATH=/usr/lib/gcc/x86_64-linux-gnu/4.8/:/usr/lib/gcc/x86_64-linux-gnu/4.8/:/usr/lib/gcc/x86_64-linux-gnu/:/usr/lib/gcc/x86_64-linux-gnu/4.8/:/usr/lib/gcc/x86_64-linux-gnu/
LIBRARY_PATH=/usr/lib/gcc/x86_64-linux-gnu/4.8/:/usr/lib/gcc/x86_64-linux-gnu/4.8/../../../x86_64-linux-gnu/:/usr/lib/gcc/x86_64-linux-gnu/4.8/../../../../lib/:/lib/x86_64-linux-gnu/:/lib/../lib/:/usr/lib/x86_64-linux-gnu/:/usr/lib/../lib/:/usr/lib/gcc/x86_64-linux-gnu/4.8/../../../:/lib/:/usr/lib/
COLLECT_GCC_OPTIONS='-v' '-o' 'cmTryCompileExec4208358132' '-rdynamic' '-mtune=generic' '-march=x86-64'
 /usr/lib/gcc/x86_64-linux-gnu/4.8/collect2 --sysroot=/ --build-id --eh-frame-hdr -m elf_x86_64 --hash-style=gnu --as-needed -export-dynamic -dynamic-linker /lib64/ld-linux-x86-64.so.2 -z relro -o cmTryCompileExec4208358132 /usr/lib/gcc/x86_64-linux-gnu/4.8/../../../x86_64-linux-gnu/crt1.o /usr/lib/gcc/x86_64-linux-gnu/4.8/../../../x86_64-linux-gnu/crti.o /usr/lib/gcc/x86_64-linux-gnu/4.8/crtbegin.o -L/usr/lib/gcc/x86_64-linux-gnu/4.8 -L/usr/lib/gcc/x86_64-linux-gnu/4.8/../../../x86_64-linux-gnu -L/usr/lib/gcc/x86_64-linux-gnu/4.8/../../../../lib -L/lib/x86_64-linux-gnu -L/lib/../lib -L/usr/lib/x86_64-linux-gnu -L/usr/lib/../lib -L/usr/lib/gcc/x86_64-linux-gnu/4.8/../../.. CMakeFiles/cmTryCompileExec4208358132.dir/CMakeCCompilerABI.c.o -lgcc --as-needed -lgcc_s --no-as-needed -lc -lgcc --as-needed -lgcc_s --no-as-needed /usr/lib/gcc/x86_64-linux-gnu/4.8/crtend.o /usr/lib/gcc/x86_64-linux-gnu/4.8/../../../x86_64-linux-gnu/crtn.o
make[1]: Leaving directory `/home/neil/Documents/cs4098/check/build/CMakeFiles/CMakeTmp'


Parsed C implicit link information from above output:
  link line regex: [^( *|.*[/\])(ld|([^/\]+-)?ld|collect2)[^/\]*( |$)]
  ignore line: [Change Dir: /home/neil/Documents/cs4098/check/build/CMakeFiles/CMakeTmp]
  ignore line: []
  ignore line: [Run Build Command:/usr/bin/make "cmTryCompileExec4208358132/fast"]
  ignore line: [/usr/bin/make -f CMakeFiles/cmTryCompileExec4208358132.dir/build.make CMakeFiles/cmTryCompileExec4208358132.dir/build]
  ignore line: [make[1]: Entering directory `/home/neil/Documents/cs4098/check/build/CMakeFiles/CMakeTmp']
  ignore line: [/usr/bin/cmake -E cmake_progress_report /home/neil/Documents/cs4098/check/build/CMakeFiles/CMakeTmp/CMakeFiles 1]
  ignore line: [Building C object CMakeFiles/cmTryCompileExec4208358132.dir/CMakeCCompilerABI.c.o]
  ignore line: [/usr/bin/cc    -o CMakeFiles/cmTryCompileExec4208358132.dir/CMakeCCompilerABI.c.o   -c /usr/share/cmake-2.8/Modules/CMakeCCompilerABI.c]
  ignore line: [Linking C executable cmTryCompileExec4208358132]
  ignore line: [/usr/bin/cmake -E cmake_link_script CMakeFiles/cmTryCompileExec4208358132.dir/link.txt --verbose=1]
  ignore line: [/usr/bin/cc     -v CMakeFiles/cmTryCompileExec4208358132.dir/CMakeCCompilerABI.c.o  -o cmTryCompileExec4208358132 -rdynamic  ]
  ignore line: [Using built-in specs.]
  ignore line: [COLLECT_GCC=/usr/bin/cc]
  ignore line: [COLLECT_LTO_WRAPPER=/usr/lib/gcc/x86_64-linux-gnu/4.8/lto-wrapper]
  ignore line: [Target: x86_64-linux-gnu]
  ignore line: [Configured with: ../src/configure -v --with-pkgversion='Ubuntu 4.8.4-2ubuntu1~14.04.3' --with-bugurl=file:///usr/share/doc/gcc-4.8/README.Bugs --enable-languages=c,c++,java,go,d,fortran,objc,obj-c++ --prefix=/usr --program-suffix=-4.8 --enable-shared --enable-linker-build-id --libexecdir=/usr/lib --without-included-gettext --enable-threads=posix --with-gxx-include-dir=/usr/include/c++/4.8 --libdir=/usr/lib --enable-nls --with-sysroot=/ --enable-clocale=gnu --enable-libstdcxx-debug --enable-libstdcxx-time=yes --enable-gnu-unique-object --disable-libmudflap --enable-plugin --with-system-zlib --disable-browser-plugin --enable-java-awt=gtk --enable-gtk-cairo --with-java-home=/usr/lib/jvm/java-1.5.0-gcj-4.8-amd64/jre --enable-java-home --with-jvm-root-dir=/usr/lib/jvm/java-1.5.0-gcj-4.8-amd64 --with-jvm-jar-dir=/usr/lib/jvm-exports/java-1.5.0-gcj-4.8-amd64 --with-arch-directory=amd64 --with-ecj-jar=/usr/share/java/eclipse-ecj.jar --enable-objc-gc --enable-multiarch --disable-werror --with-arch-32=i686 --with-abi=m64 --with-multilib-list=m32,m64,mx32 --with-tune=generic --enable-checking=release --build=x86_64-linux-gnu --host=x86_64-linux-gnu --target=x86_64-linux-gnu]
  ignore line: [Thread model: posix]
  ignore line: [gcc version 4.8.4 (Ubuntu 4.8.4-2ubuntu1~14.04.3) ]
  ignore line: [COMPILER_PATH=/usr/lib/gcc/x86_64-linux-gnu/4.8/:/usr/lib/gcc/x86_64-linux-gnu/4.8/:/usr/lib/gcc/x86_64-linux-gnu/:/usr/lib/gcc/x86_64-linux-gnu/4.8/:/usr/lib/gcc/x86_64-linux-gnu/]
  ignore line: [LIBRARY_PATH=/usr/lib/gcc/x86_64-linux-gnu/4.8/:/usr/lib/gcc/x86_64-linux-gnu/4.8/../../../x86_64-linux-gnu/:/usr/lib/gcc/x86_64-linux-gnu/4.8/../../../../lib/:/lib/x86_64-linux-gnu/:/lib/../lib/:/usr/lib/x86_64-linux-gnu/:/usr/lib/../lib/:/usr/lib/gcc/x86_64-linux-gnu/4.8/../../../:/lib/:/usr/lib/]
  ignore line: [COLLECT_GCC_OPTIONS='-v' '-o' 'cmTryCompileExec4208358132' '-rdynamic' '-mtune=generic' '-march=x86-64']
  link line: [ /usr/lib/gcc/x86_64-linux-gnu/4.8/collect2 --sysroot=/ --build-id --eh-frame-hdr -m elf_x86_64 --hash-style=gnu --as-needed -export-dynamic -dynamic-linker /lib64/ld-linux-x86-64.so.2 -z relro -o cmTryCompileExec4208358132 /usr/lib/gcc/x86_64-linux-gnu/4.8/../../../x86_64-linux-gnu/crt1.o /usr/lib/gcc/x86_64-linux-gnu/4.8/../../../x86_64-linux-gnu/crti.o /usr/lib/gcc/x86_64-linux-gnu/4.8/crtbegin.o -L/usr/lib/gcc/x86_64-linux-gnu/4.8 -L/usr/lib/gcc/x86_64-linux-gnu/4.8/../../../x86_64-linux-gnu -L/usr/lib/gcc/x86_64-linux-gnu/4.8/../../../../lib -L/lib/x86_64-linux-gnu -L/lib/../lib -L/usr/lib/x86_64-linux-gnu -L/usr/lib/../lib -L/usr/lib/gcc/x86_64-linux-gnu/4.8/../../.. CMakeFiles/cmTryCompileExec4208358132.dir/CMakeCCompilerABI.c.o -lgcc --as-needed -lgcc_s --no-as-needed -lc -lgcc --as-needed -lgcc_s --no-as-needed /usr/lib/gcc/x86_64-linux-gnu/4.8/crtend.o /usr/lib/gcc/x86_64-linux-gnu/4.8/../../../x86_64-linux-gnu/crtn.o]
    arg [/usr/lib/gcc/x86_64-linux-gnu/4.8/collect2] ==> ignore
    arg [--sysroot=/] ==> ignore
    arg [--build-id] ==> ignore
    arg [--eh-frame-hdr] ==> ignore
    arg [-m] ==> ignore
    arg [elf_x86_64] ==> ignore
    arg [--hash-style=gnu] ==> ignore
    arg [--as-needed] ==> ignore
    arg [-export-dynamic] ==> ignore
    arg [-dynamic-linker] ==> ignore
    arg [/lib64/ld-linux-x86-64.so.2] ==> ignore
    arg [-zrelro] ==> ignore
    arg [-o] ==> ignore
    arg [cmTryCompileExec4208358132] ==> ignore
    arg [/usr/lib/gcc/x86_64-linux-gnu/4.8/../../../x86_64-linux-gnu/crt1.o] ==> ignore
    arg [/usr/lib/gcc/x86_64-linux-gnu/4.8/../../../x86_64-linux-gnu/crti.o] ==> ignore
    arg [/usr/lib/gcc/x86_64-linux-gnu/4.8/crtbegin.o] ==> ignore
    arg [-L/usr/lib/gcc/x86_64-linux-gnu/4.8] ==> dir [/usr/lib/gcc/x86_64-linux-gnu/4.8]
    arg [-L/usr/lib/gcc/x86_64-linux-gnu/4.8/../../../x86_64-linux-gnu] ==> dir [/usr/lib/gcc/x86_64-linux-gnu/4.8/../../../x86_64-linux-gnu]
    arg [-L/usr/lib/gcc/x86_64-linux-gnu/4.8/../../../../lib] ==> dir [/usr/lib/gcc/x86_64-linux-gnu/4.8/../../../../lib]
    arg [-L/lib/x86_64-linux-gnu] ==> dir [/lib/x86_64-linux-gnu]
    arg [-L/lib/../lib] ==> dir [/lib/../lib]
    arg [-L/usr/lib/x86_64-linux-gnu] ==> dir [/usr/lib/x86_64-linux-gnu]
    arg [-L/usr/lib/../lib] ==> dir [/usr/lib/../lib]
    arg [-L/usr/lib/gcc/x86_64-linux-gnu/4.8/../../..] ==> dir [/usr/lib/gcc/x86_64-linux-gnu/4.8/../../..]
    arg [CMakeFiles/cmTryCompileExec4208358132.dir/CMakeCCompilerABI.c.o] ==> ignore
    arg [-lgcc] ==> lib [gcc]
    arg [--as-needed] ==> ignore
    arg [-lgcc_s] ==> lib [gcc_s]
    arg [--no-as-needed] ==> ignore
    arg [-lc] ==> lib [c]
    arg [-lgcc] ==> lib [gcc]
    arg [--as-needed] ==> ignore
    arg [-lgcc_s] ==> lib [gcc_s]
    arg [--no-as-needed] ==> ignore
    arg [/usr/lib/gcc/x86_64-linux-gnu/4.8/crtend.o] ==> ignore
    arg [/usr/lib/gcc/x86_64-linux-gnu/4.8/../../../x86_64-linux-gnu/crtn.o] ==> ignore
  remove lib [gcc]
  remove lib [gcc_s]
  remove lib [gcc]
  remove lib [gcc_s]
  collapse library dir [/usr/lib/gcc/x86_64-linux-gnu/4.8] ==> [/usr/lib/gcc/x86_64-linux-gnu/4.8]
  collapse library dir [/usr/lib/gcc/x86_64-linux-gnu/4.8/../../../x86_64-linux-gnu] ==> [/usr/lib/x86_64-linux-gnu]
  collapse library dir [/usr/lib/gcc/x86_64-linux-gnu/4.8/../../../../lib] ==> [/usr/lib]
  collapse library dir [/lib/x86_64-linux-gnu] ==> [/lib/x86_64-linux-gnu]
  collapse library dir [/lib/../lib] ==> [/lib]
  collapse library dir [/usr/lib/x86_64-linux-gnu] ==> [/usr/lib/x86_64-linux-gnu]
  collapse library dir [/usr/lib/../lib] ==> [/usr/lib]
  collapse library dir [/usr/lib/gcc/x86_64-linux-gnu/4.8/../../..] ==> [/usr/lib]
  implicit libs: [c]
  implicit dirs: [/usr/lib/gcc/x86_64-linux-gnu/4.8;/usr/lib/x86_64-linux-gnu;/usr/lib;/lib/x86_64-linux-gnu;/lib]
  implicit fwks: []


Determining if files ;sys/types.h exist passed with the following output:
Change Dir: /home/neil/Documents/cs4098/check/build/CMakeFiles/CMakeTmp

Run Build Command:/usr/bin/make "cmTryCompileExec3588749107/fast"
/usr/bin/make -f CMakeFiles/cmTryCompileExec3588749107.dir/build.make CMakeFiles/cmTryCompileExec3588749107.dir/build
make[1]: Entering directory `/home/neil/Documents/cs4098/check/build/CMakeFiles/CMakeTmp'
/usr/bin/cmake -E cmake_progress_report /home/neil/Documents/cs4098/check/build/CMakeFiles/CMakeTmp/CMakeFiles 1
Building C object CMakeFiles/cmTryCompileExec3588749107.dir/CheckIncludeFiles.c.o
/usr/bin/cc    -o CMakeFiles/cmTryCompileExec3588749107.dir/CheckIncludeFiles.c.o   -c /home/neil/Documents/cs4098/check/build/CMakeFiles/CMakeTmp/CheckIncludeFiles.c
Linking C executable cmTryCompileExec3588749107
/usr/bin/cmake -E cmake_link_script CMakeFiles/cmTryCompileExec3588749107.dir/link.txt --verbose=1
/usr/bin/cc       CMakeFiles/cmTryCompileExec3588749107.dir/CheckIncludeFiles.c.o  -o cmTryCompileExec3588749107 -rdynamic 
make[1]: Leaving directory `/home/neil/Documents/cs4098/check/build/CMakeFiles/CMakeTmp'


Determining if files sys/types.h;errno.h exist passed with the following output:
Change Dir: /home/neil/Documents/cs4098/check/build/CMakeFiles/CMakeTmp

Run Build Command:/usr/bin/make "cmTryCompileExec2607090438/fast"
/usr/bin/make -f CMakeFiles/cmTryCompileExec2607090438.dir/build.make CMakeFiles/cmTryCompileExec2607090438.dir/build
make[1]: Entering directory `/home/neil/Documents/cs4098/check/build/CMakeFiles/CMakeTmp'
/usr/bin/cmake -E cmake_progress_report /home/neil/Documents/cs4098/check/build/CMakeFiles/CMakeTmp/CMakeFiles 1
Building C object CMakeFiles/cmTryCompileExec2607090438.dir/CheckIncludeFiles.c.o
/usr/bin/cc    -o CMakeFiles/cmTryCompileExec2607090438.dir/CheckIncludeFiles.c.o   -c /home/neil/Documents/cs4098/check/build/CMakeFiles/CMakeTmp/CheckIncludeFiles.c
Linking C executable cmTryCompileExec2607090438
/usr/bin/cmake -E cmake_link_script CMakeFiles/cmTryCompileExec2607090438.dir/link.txt --verbose=1
/usr/bin/cc       CMakeFiles/cmTryCompileExec2607090438.dir/CheckIncludeFiles.c.o  -o cmTryCompileExec2607090438 -rdynamic 
make[1]: Leaving directory `/home/neil/Documents/cs4098/check/build/CMakeFiles/CMakeTmp'


Determining if files sys/types.h;errno.h;inttypes.h exist passed with the following output:
Change Dir: /home/neil/Documents/cs4098/check/build/CMakeFiles/CMakeTmp

Run Build Command:/usr/bin/make "cmTryCompileExec1670575308/fast"
/usr/bin/make -f CMakeFiles/cmTryCompileExec1670575308.dir/build.make CMakeFiles/cmTryCompileExec1670575308.dir/build
make[1]: Entering directory `/home/neil/Documents/cs4098/check/build/CMakeFiles/CMakeTmp'
/usr/bin/cmake -E cmake_progress_report /home/neil/Documents/cs4098/check/build/CMakeFiles/CMakeTmp/CMakeFiles 1
Building C object CMakeFiles/cmTryCompileExec1670575308.dir/CheckIncludeFiles.c.o
/usr/bin/cc    -o CMakeFiles/cmTryCompileExec1670575308.dir/CheckIncludeFiles.c.o   -c /home/neil/Documents/cs4098/check/build/CMakeFiles/CMakeTmp/CheckIncludeFiles.c
Linking C executable cmTryCompileExec1670575308
/usr/bin/cmake -E cmake_link_script CMakeFiles/cmTryCompileExec1670575308.dir/link.txt --verbose=1
/usr/bin/cc       CMakeFiles/cmTryCompileExec1670575308.dir/CheckIncludeFiles.c.o  -o cmTryCompileExec1670575308 -rdynamic 
make[1]: Leaving directory `/home/neil/Documents/cs4098/check/build/CMakeFiles/CMakeTmp'


Determining if files sys/types.h;errno.h;inttypes.h;limits.h exist passed with the following output:
Change Dir: /home/neil/Documents/cs4098/check/build/CMakeFiles/CMakeTmp

Run Build Command:/usr/bin/make "cmTryCompileExec2037124296/fast"
/usr/bin/make -f CMakeFiles/cmTryCompileExec2037124296.dir/build.make CMakeFiles/cmTryCompileExec2037124296.dir/build
make[1]: Entering directory `/home/neil/Documents/cs4098/check/build/CMakeFiles/CMakeTmp'
/usr/bin/cmake -E cmake_progress_report /home/neil/Documents/cs4098/check/build/CMakeFiles/CMakeTmp/CMakeFiles 1
Building C object CMakeFiles/cmTryCompileExec2037124296.dir/CheckIncludeFiles.c.o
/usr/bin/cc    -o CMakeFiles/cmTryCompileExec2037124296.dir/CheckIncludeFiles.c.o   -c /home/neil/Documents/cs4098/check/build/CMakeFiles/CMakeTmp/CheckIncludeFiles.c
Linking C executable cmTryCompileExec2037124296
/usr/bin/cmake -E cmake_link_script CMakeFiles/cmTryCompileExec2037124296.dir/link.txt --verbose=1
/usr/bin/cc       CMakeFiles/cmTryCompileExec2037124296.dir/CheckIncludeFiles.c.o  -o cmTryCompileExec2037124296 -rdynamic 
make[1]: Leaving directory `/home/neil/Documents/cs4098/check/build/CMakeFiles/CMakeTmp'


Determining if files sys/types.h;errno.h;inttypes.h;limits.h;regex.h exist passed with the following output:
Change Dir: /home/neil/Documents/cs4098/check/build/CMakeFiles/CMakeTmp

Run Build Command:/usr/bin/make "cmTryCompileExec89299193/fast"
/usr/bin/make -f CMakeFiles/cmTryCompileExec89299193.dir/build.make CMakeFiles/cmTryCompileExec89299193.dir/build
make[1]: Entering directory `/home/neil/Documents/cs4098/check/build/CMakeFiles/CMakeTmp'
/usr/bin/cmake -E cmake_progress_report /home/neil/Documents/cs4098/check/build/CMakeFiles/CMakeTmp/CMakeFiles 1
Building C object CMakeFiles/cmTryCompileExec89299193.dir/CheckIncludeFiles.c.o
/usr/bin/cc    -o CMakeFiles/cmTryCompileExec89299193.dir/CheckIncludeFiles.c.o   -c /home/neil/Documents/cs4098/check/build/CMakeFiles/CMakeTmp/CheckIncludeFiles.c
Linking C executable cmTryCompileExec89299193
/usr/bin/cmake -E cmake_link_script CMakeFiles/cmTryCompileExec89299193.dir/link.txt --verbose=1
/usr/bin/cc       CMakeFiles/cmTryCompileExec89299193.dir/CheckIncludeFiles.c.o  -o cmTryCompileExec89299193 -rdynamic 
make[1]: Leaving directory `/home/neil/Documents/cs4098/check/build/CMakeFiles/CMakeTmp'


Determining if files sys/types.h;errno.h;inttypes.h;limits.h;regex.h;signal.h exist passed with the following output:
Change Dir: /home/neil/Documents/cs4098/check/build/CMakeFiles/CMakeTmp

Run Build Command:/usr/bin/make "cmTryCompileExec3581005926/fast"
/usr/bin/make -f CMakeFiles/cmTryCompileExec3581005926.dir/build.make CMakeFiles/cmTryCompileExec3581005926.dir/build
make[1]: Entering directory `/home/neil/Documents/cs4098/check/build/CMakeFiles/CMakeTmp'
/usr/bin/cmake -E cmake_progress_report /home/neil/Documents/cs4098/check/build/CMakeFiles/CMakeTmp/CMakeFiles 1
Building C object CMakeFiles/cmTryCompileExec3581005926.dir/CheckIncludeFiles.c.o
/usr/bin/cc    -o CMakeFiles/cmTryCompileExec3581005926.dir/CheckIncludeFiles.c.o   -c /home/neil/Documents/cs4098/check/build/CMakeFiles/CMakeTmp/CheckIncludeFiles.c
Linking C executable cmTryCompileExec3581005926
/usr/bin/cmake -E cmake_link_script CMakeFiles/cmTryCompileExec3581005926.dir/link.txt --verbose=1
/usr/bin/cc       CMakeFiles/cmTryCompileExec3581005926.dir/CheckIncludeFiles.c.o  -o cmTryCompileExec3581005926 -rdynamic 
make[1]: Leaving directory `/home/neil/Documents/cs4098/check/build/CMakeFiles/CMakeTmp'


Determining if files sys/types.h;errno.h;inttypes.h;limits.h;regex.h;signal.h;stdarg.h exist passed with the following output:
Change Dir: /home/neil/Documents/cs4098/check/build/CMakeFiles/CMakeTmp

Run Build Command:/usr/bin/make "cmTryCompileExec3303229107/fast"
/usr/bin/make -f CMakeFiles/cmTryCompileExec3303229107.dir/build.make CMakeFiles/cmTryCompileExec3303229107.dir/build
make[1]: Entering directory `/home/neil/Documents/cs4098/check/build/CMakeFiles/CMakeTmp'
/usr/bin/cmake -E cmake_progress_report /home/neil/Documents/cs4098/check/build/CMakeFiles/CMakeTmp/CMakeFiles 1
Building C object CMakeFiles/cmTryCompileExec3303229107.dir/CheckIncludeFiles.c.o
/usr/bin/cc    -o CMakeFiles/cmTryCompileExec3303229107.dir/CheckIncludeFiles.c.o   -c /home/neil/Documents/cs4098/check/build/CMakeFiles/CMakeTmp/CheckIncludeFiles.c
Linking C executable cmTryCompileExec3303229107
/usr/bin/cmake -E cmake_link_script CMakeFiles/cmTryCompileExec3303229107.dir/link.txt --verbose=1
/usr/bin/cc       CMakeFiles/cmTryCompileExec3303229107.dir/CheckIncludeFiles.c.o  -o cmTryCompileExec3303229107 -rdynamic 
make[1]: Leaving directory `/home/neil/Documents/cs4098/check/build/CMakeFiles/CMakeTmp'


Determining if files sys/types.h;errno.h;inttypes.h;limits.h;regex.h;signal.h;stdarg.h;stdint.h exist passed with the following output:
Change Dir: /home/neil/Documents/cs4098/check/build/CMakeFiles/CMakeTmp

Run Build Command:/usr/bin/make "cmTryCompileExec4108136333/fast"
/usr/bin/make -f CMakeFiles/cmTryCompileExec4108136333.dir/build.make CMakeFiles/cmTryCompileExec4108136333.dir/build
make[1]: Entering directory `/home/neil/Documents/cs4098/check/build/CMakeFiles/CMakeTmp'
/usr/bin/cmake -E cmake_progress_report /home/neil/Documents/cs4098/check/build/CMakeFiles/CMakeTmp/CMakeFiles 1
Building C object CMakeFiles/cmTryCompileExec4108136333.dir/CheckIncludeFiles.c.o
/usr/bin/cc    -o CMakeFiles/cmTryCompileExec4108136333.dir/CheckIncludeFiles.c.o   -c /home/neil/Documents/cs4098/check/build/CMakeFiles/CMakeTmp/CheckIncludeFiles.c
Linking C executable cmTryCompileExec4108136333
/usr/bin/cmake -E cmake_link_script CMakeFiles/cmTryCompileExec4108136333.dir/link.txt --verbose=1
/usr/bin/cc       CMakeFiles/cmTryCompileExec4108136333.dir/CheckIncludeFiles.c.o  -o cmTryCompileExec4108136333 -rdynamic 
make[1]: Leaving directory `/home/neil/Documents/cs4098/check/build/CMakeFiles/CMakeTmp'


Determining if files sys/types.h;errno.h;inttypes.h;limits.h;regex.h;signal.h;stdarg.h;stdint.h;stdlib.h exist passed with the following output:
Change Dir: /home/neil/Documents/cs4098/check/build/CMakeFiles/CMakeTmp

Run Build Command:/usr/bin/make "cmTryCompileExec4229842799/fast"
/usr/bin/make -f CMakeFiles/cmTryCompileExec4229842799.dir/build.make CMakeFiles/cmTryCompileExec4229842799.dir/build
make[1]: Entering directory `/home/neil/Documents/cs4098/check/build/CMakeFiles/CMakeTmp'
/usr/bin/cmake -E cmake_progress_report /home/neil/Documents/cs4098/check/build/CMakeFiles/CMakeTmp/CMakeFiles 1
Building C object CMakeFiles/cmTryCompileExec4229842799.dir/CheckIncludeFiles.c.o
/usr/bin/cc    -o CMakeFiles/cmTryCompileExec4229842799.dir/CheckIncludeFiles.c.o   -c /home/neil/Documents/cs4098/check/build/CMakeFiles/CMakeTmp/CheckIncludeFiles.c
Linking C executable cmTryCompileExec4229842799
/usr/bin/cmake -E cmake_link_script CMakeFiles/cmTryCompileExec4229842799.dir/link.txt --verbose=1
/usr/bin/cc       CMakeFiles/cmTryCompileExec4229842799.dir/CheckIncludeFiles.c.o  -o cmTryCompileExec4229842799 -rdynamic 
make[1]: Leaving directory `/home/neil/Documents/cs4098/check/build/CMakeFiles/CMakeTmp'


Determining if files sys/types.h;errno.h;inttypes.h;limits.h;regex.h;signal.h;stdarg.h;stdint.h;stdlib.h;string.h exist passed with the following output:
Change Dir: /home/neil/Documents/cs4098/check/build/CMakeFiles/CMakeTmp

Run Build Command:/usr/bin/make "cmTryCompileExec3485094796/fast"
/usr/bin/make -f CMakeFiles/cmTryCompileExec3485094796.dir/build.make CMakeFiles/cmTryCompileExec3485094796.dir/build
make[1]: Entering directory `/home/neil/Documents/cs4098/check/build/CMakeFiles/CMakeTmp'
/usr/bin/cmake -E cmake_progress_report /home/neil/Documents/cs4098/check/build/CMakeFiles/CMakeTmp/CMakeFiles 1
Building C object CMakeFiles/cmTryCompileExec3485094796.dir/CheckIncludeFiles.c.o
/usr/bin/cc    -o CMakeFiles/cmTryCompileExec3485094796.dir/CheckIncludeFiles.c.o   -c /home/neil/Documents/cs4098/check/build/CMakeFiles/CMakeTmp/CheckIncludeFiles.c
Linking C executable cmTryCompileExec3485094796
/usr/bin/cmake -E cmake_link_script CMakeFiles/cmTryCompileExec3485094796.dir/link.txt --verbose=1
/usr/bin/cc       CMakeFiles/cmTryCompileExec3485094796.dir/CheckIncludeFiles.c.o  -o cmTryCompileExec3485094796 -rdynamic 
make[1]: Leaving directory `/home/neil/Documents/cs4098/check/build/CMakeFiles/CMakeTmp'


Determining if files sys/types.h;errno.h;inttypes.h;limits.h;regex.h;signal.h;stdarg.h;stdint.h;stdlib.h;string.h;strings.h exist passed with the following output:
Change Dir: /home/neil/Documents/cs4098/check/build/CMakeFiles/CMakeTmp

Run Build Command:/usr/bin/make "cmTryCompileExec2810837317/fast"
/usr/bin/make -f CMakeFiles/cmTryCompileExec2810837317.dir/build.make CMakeFiles/cmTryCompileExec2810837317.dir/build
make[1]: Entering directory `/home/neil/Documents/cs4098/check/build/CMakeFiles/CMakeTmp'
/usr/bin/cmake -E cmake_progress_report /home/neil/Documents/cs4098/check/build/CMakeFiles/CMakeTmp/CMakeFiles 1
Building C object CMakeFiles/cmTryCompileExec2810837317.dir/CheckIncludeFiles.c.o
/usr/bin/cc    -o CMakeFiles/cmTryCompileExec2810837317.dir/CheckIncludeFiles.c.o   -c /home/neil/Documents/cs4098/check/build/CMakeFiles/CMakeTmp/CheckIncludeFiles.c
Linking C executable cmTryCompileExec2810837317
/usr/bin/cmake -E cmake_link_script CMakeFiles/cmTryCompileExec2810837317.dir/link.txt --verbose=1
/usr/bin/cc       CMakeFiles/cmTryCompileExec2810837317.dir/CheckIncludeFiles.c.o  -o cmTryCompileExec2810837317 -rdynamic 
make[1]: Leaving directory `/home/neil/Documents/cs4098/check/build/CMakeFiles/CMakeTmp'


Determining if files sys/types.h;errno.h;inttypes.h;limits.h;regex.h;signal.h;stdarg.h;stdint.h;stdlib.h;string.h;strings.h;sys/time.h exist passed with the following output:
Change Dir: /home/neil/Documents/cs4098/check/build/CMakeFiles/CMakeTmp

Run Build Command:/usr/bin/make "cmTryCompileExec3884059999/fast"
/usr/bin/make -f CMakeFiles/cmTryCompileExec3884059999.dir/build.make CMakeFiles/cmTryCompileExec3884059999.dir/build
make[1]: Entering directory `/home/neil/Documents/cs4098/check/build/CMakeFiles/CMakeTmp'
/usr/bin/cmake -E cmake_progress_report /home/neil/Documents/cs4098/check/build/CMakeFiles/CMakeTmp/CMakeFiles 1
Building C object CMakeFiles/cmTryCompileExec3884059999.dir/CheckIncludeFiles.c.o
/usr/bin/cc    -o CMakeFiles/cmTryCompileExec3884059999.dir/CheckIncludeFiles.c.o   -c /home/neil/Documents/cs4098/check/build/CMakeFiles/CMakeTmp/CheckIncludeFiles.c
Linking C executable cmTryCompileExec3884059999
/usr/bin/cmake -E cmake_link_script CMakeFiles/cmTryCompileExec3884059999.dir/link.txt --verbose=1
/usr/bin/cc       CMakeFiles/cmTryCompileExec3884059999.dir/CheckIncludeFiles.c.o  -o cmTryCompileExec3884059999 -rdynamic 
make[1]: Leaving directory `/home/neil/Documents/cs4098/check/build/CMakeFiles/CMakeTmp'


Determining if files sys/types.h;errno.h;inttypes.h;limits.h;regex.h;signal.h;stdarg.h;stdint.h;stdlib.h;string.h;strings.h;sys/time.h;time.h exist passed with the following output:
Change Dir: /home/neil/Documents/cs4098/check/build/CMakeFiles/CMakeTmp

Run Build Command:/usr/bin/make "cmTryCompileExec1364441650/fast"
/usr/bin/make -f CMakeFiles/cmTryCompileExec1364441650.dir/build.make CMakeFiles/cmTryCompileExec1364441650.dir/build
make[1]: Entering directory `/home/neil/Documents/cs4098/check/build/CMakeFiles/CMakeTmp'
/usr/bin/cmake -E cmake_progress_report /home/neil/Documents/cs4098/check/build/CMakeFiles/CMakeTmp/CMakeFiles 1
Building C object CMakeFiles/cmTryCompileExec1364441650.dir/CheckIncludeFiles.c.o
/usr/bin/cc    -o CMakeFiles/cmTryCompileExec1364441650.dir/CheckIncludeFiles.c.o   -c /home/neil/Documents/cs4098/check/build/CMakeFiles/CMakeTmp/CheckIncludeFiles.c
Linking C executable cmTryCompileExec1364441650
/usr/bin/cmake -E cmake_link_script CMakeFiles/cmTryCompileExec1364441650.dir/link.txt --verbose=1
/usr/bin/cc       CMakeFiles/cmTryCompileExec1364441650.dir/CheckIncludeFiles.c.o  -o cmTryCompileExec1364441650 -rdynamic 
make[1]: Leaving directory `/home/neil/Documents/cs4098/check/build/CMakeFiles/CMakeTmp'


Determining if the function fork exists passed with the following output:
Change Dir: /home/neil/Documents/cs4098/check/build/CMakeFiles/CMakeTmp

Run Build Command:/usr/bin/make "cmTryCompileExec1810003535/fast"
/usr/bin/make -f CMakeFiles/cmTryCompileExec1810003535.dir/build.make CMakeFiles/cmTryCompileExec1810003535.dir/build
make[1]: Entering directory `/home/neil/Documents/cs4098/check/build/CMakeFiles/CMakeTmp'
/usr/bin/cmake -E cmake_progress_report /home/neil/Documents/cs4098/check/build/CMakeFiles/CMakeTmp/CMakeFiles 1
Building C object CMakeFiles/cmTryCompileExec1810003535.dir/CheckFunctionExists.c.o
/usr/bin/cc   -DCHECK_FUNCTION_EXISTS=fork   -o CMakeFiles/cmTryCompileExec1810003535.dir/CheckFunctionExists.c.o   -c /usr/share/cmake-2.8/Modules/CheckFunctionExists.c
<command-line>:0:23: warning: conflicting types for built-in function ‘fork’ [enabled by default]
/usr/share/cmake-2.8/Modules/CheckFunctionExists.c:3:6: note: in expansion of macro ‘CHECK_FUNCTION_EXISTS’
 char CHECK_FUNCTION_EXISTS();
      ^
Linking C executable cmTryCompileExec1810003535
/usr/bin/cmake -E cmake_link_script CMakeFiles/cmTryCompileExec1810003535.dir/link.txt --verbose=1
/usr/bin/cc   -DCHECK_FUNCTION_EXISTS=fork    CMakeFiles/cmTryCompileExec1810003535.dir/CheckFunctionExists.c.o  -o cmTryCompileExec1810003535 -rdynamic 
make[1]: Leaving directory `/home/neil/Documents/cs4098/check/build/CMakeFiles/CMakeTmp'


Determining if the function getline exists passed with the following output:
Change Dir: /home/neil/Documents/cs4098/check/build/CMakeFiles/CMakeTmp

Run Build Command:/usr/bin/make "cmTryCompileExec2988345811/fast"
/usr/bin/make -f CMakeFiles/cmTryCompileExec2988345811.dir/build.make CMakeFiles/cmTryCompileExec2988345811.dir/build
make[1]: Entering directory `/home/neil/Documents/cs4098/check/build/CMakeFiles/CMakeTmp'
/usr/bin/cmake -E cmake_progress_report /home/neil/Documents/cs4098/check/build/CMakeFiles/CMakeTmp/CMakeFiles 1
Building C object CMakeFiles/cmTryCompileExec2988345811.dir/CheckFunctionExists.c.o
/usr/bin/cc   -DCHECK_FUNCTION_EXISTS=getline   -o CMakeFiles/cmTryCompileExec2988345811.dir/CheckFunctionExists.c.o   -c /usr/share/cmake-2.8/Modules/CheckFunctionExists.c
Linking C executable cmTryCompileExec2988345811
/usr/bin/cmake -E cmake_link_script CMakeFiles/cmTryCompileExec2988345811.dir/link.txt --verbose=1
/usr/bin/cc   -DCHECK_FUNCTION_EXISTS=getline    CMakeFiles/cmTryCompileExec2988345811.dir/CheckFunctionExists.c.o  -o cmTryCompileExec2988345811 -rdynamic 
make[1]: Leaving directory `/home/neil/Documents/cs4098/check/build/CMakeFiles/CMakeTmp'


Determining if the function getpid exists passed with the following output:
Change Dir: /home/neil/Documents/cs4098/check/build/CMakeFiles/CMakeTmp

Run Build Command:/usr/bin/make "cmTryCompileExec1815605273/fast"
/usr/bin/make -f CMakeFiles/cmTryCompileExec1815605273.dir/build.make CMakeFiles/cmTryCompileExec1815605273.dir/build
make[1]: Entering directory `/home/neil/Documents/cs4098/check/build/CMakeFiles/CMakeTmp'
/usr/bin/cmake -E cmake_progress_report /home/neil/Documents/cs4098/check/build/CMakeFiles/CMakeTmp/CMakeFiles 1
Building C object CMakeFiles/cmTryCompileExec1815605273.dir/CheckFunctionExists.c.o
/usr/bin/cc   -DCHECK_FUNCTION_EXISTS=getpid   -o CMakeFiles/cmTryCompileExec1815605273.dir/CheckFunctionExists.c.o   -c /usr/share/cmake-2.8/Modules/CheckFunctionExists.c
Linking C executable cmTryCompileExec1815605273
/usr/bin/cmake -E cmake_link_script CMakeFiles/cmTryCompileExec1815605273.dir/link.txt --verbose=1
/usr/bin/cc   -DCHECK_FUNCTION_EXISTS=getpid    CMakeFiles/cmTryCompileExec1815605273.dir/CheckFunctionExists.c.o  -o cmTryCompileExec1815605273 -rdynamic 
make[1]: Leaving directory `/home/neil/Documents/cs4098/check/build/CMakeFiles/CMakeTmp'


Determining if the function gettimeofday exists passed with the following output:
Change Dir: /home/neil/Documents/cs4098/check/build/CMakeFiles/CMakeTmp

Run Build Command:/usr/bin/make "cmTryCompileExec3332550416/fast"
/usr/bin/make -f CMakeFiles/cmTryCompileExec3332550416.dir/build.make CMakeFiles/cmTryCompileExec3332550416.dir/build
make[1]: Entering directory `/home/neil/Documents/cs4098/check/build/CMakeFiles/CMakeTmp'
/usr/bin/cmake -E cmake_progress_report /home/neil/Documents/cs4098/check/build/CMakeFiles/CMakeTmp/CMakeFiles 1
Building C object CMakeFiles/cmTryCompileExec3332550416.dir/CheckFunctionExists.c.o
/usr/bin/cc   -DCHECK_FUNCTION_EXISTS=gettimeofday   -o CMakeFiles/cmTryCompileExec3332550416.dir/CheckFunctionExists.c.o   -c /usr/share/cmake-2.8/Modules/CheckFunctionExists.c
Linking C executable cmTryCompileExec3332550416
/usr/bin/cmake -E cmake_link_script CMakeFiles/cmTryCompileExec3332550416.dir/link.txt --verbose=1
/usr/bin/cc   -DCHECK_FUNCTION_EXISTS=gettimeofday    CMakeFiles/cmTryCompileExec3332550416.dir/CheckFunctionExists.c.o  -o cmTryCompileExec3332550416 -rdynamic 
make[1]: Leaving directory `/home/neil/Documents/cs4098/check/build/CMakeFiles/CMakeTmp'


Determining if the function localtime_r exists passed with the following output:
Change Dir: /home/neil/Documents/cs4098/check/build/CMakeFiles/CMakeTmp

Run Build Command:/usr/bin/make "cmTryCompileExec1339808112/fast"
/usr/bin/make -f CMakeFiles/cmTryCompileExec1339808112.dir/build.make CMakeFiles/cmTryCompileExec1339808112.dir/build
make[1]: Entering directory `/home/neil/Documents/cs4098/check/build/CMakeFiles/CMakeTmp'
/usr/bin/cmake -E cmake_progress_report /home/neil/Documents/cs4098/check/build/CMakeFiles/CMakeTmp/CMakeFiles 1
Building C object CMakeFiles/cmTryCompileExec1339808112.dir/CheckFunctionExists.c.o
/usr/bin/cc   -DCHECK_FUNCTION_EXISTS=localtime_r   -o CMakeFiles/cmTryCompileExec1339808112.dir/CheckFunctionExists.c.o   -c /usr/share/cmake-2.8/Modules/CheckFunctionExists.c
Linking C executable cmTryCompileExec1339808112
/usr/bin/cmake -E cmake_link_script CMakeFiles/cmTryCompileExec1339808112.dir/link.txt --verbose=1
/usr/bin/cc   -DCHECK_FUNCTION_EXISTS=localtime_r    CMakeFiles/cmTryCompileExec1339808112.dir/CheckFunctionExists.c.o  -o cmTryCompileExec1339808112 -rdynamic 
make[1]: Leaving directory `/home/neil/Documents/cs4098/check/build/CMakeFiles/CMakeTmp'


Determining if the function malloc exists passed with the following output:
Change Dir: /home/neil/Documents/cs4098/check/build/CMakeFiles/CMakeTmp

Run Build Command:/usr/bin/make "cmTryCompileExec3641441915/fast"
/usr/bin/make -f CMakeFiles/cmTryCompileExec3641441915.dir/build.make CMakeFiles/cmTryCompileExec3641441915.dir/build
make[1]: Entering directory `/home/neil/Documents/cs4098/check/build/CMakeFiles/CMakeTmp'
/usr/bin/cmake -E cmake_progress_report /home/neil/Documents/cs4098/check/build/CMakeFiles/CMakeTmp/CMakeFiles 1
Building C object CMakeFiles/cmTryCompileExec3641441915.dir/CheckFunctionExists.c.o
/usr/bin/cc   -DCHECK_FUNCTION_EXISTS=malloc   -o CMakeFiles/cmTryCompileExec3641441915.dir/CheckFunctionExists.c.o   -c /usr/share/cmake-2.8/Modules/CheckFunctionExists.c
<command-line>:0:23: warning: conflicting types for built-in function ‘malloc’ [enabled by default]
/usr/share/cmake-2.8/Modules/CheckFunctionExists.c:3:6: note: in expansion of macro ‘CHECK_FUNCTION_EXISTS’
 char CHECK_FUNCTION_EXISTS();
      ^
Linking C executable cmTryCompileExec3641441915
/usr/bin/cmake -E cmake_link_script CMakeFiles/cmTryCompileExec3641441915.dir/link.txt --verbose=1
/usr/bin/cc   -DCHECK_FUNCTION_EXISTS=malloc    CMakeFiles/cmTryCompileExec3641441915.dir/CheckFunctionExists.c.o  -o cmTryCompileExec3641441915 -rdynamic 
make[1]: Leaving directory `/home/neil/Documents/cs4098/check/build/CMakeFiles/CMakeTmp'


Determining if the function mkstemp exists passed with the following output:
Change Dir: /home/neil/Documents/cs4098/check/build/CMakeFiles/CMakeTmp

Run Build Command:/usr/bin/make "cmTryCompileExec635818056/fast"
/usr/bin/make -f CMakeFiles/cmTryCompileExec635818056.dir/build.make CMakeFiles/cmTryCompileExec635818056.dir/build
make[1]: Entering directory `/home/neil/Documents/cs4098/check/build/CMakeFiles/CMakeTmp'
/usr/bin/cmake -E cmake_progress_report /home/neil/Documents/cs4098/check/build/CMakeFiles/CMakeTmp/CMakeFiles 1
Building C object CMakeFiles/cmTryCompileExec635818056.dir/CheckFunctionExists.c.o
/usr/bin/cc   -DCHECK_FUNCTION_EXISTS=mkstemp   -o CMakeFiles/cmTryCompileExec635818056.dir/CheckFunctionExists.c.o   -c /usr/share/cmake-2.8/Modules/CheckFunctionExists.c
Linking C executable cmTryCompileExec635818056
/usr/bin/cmake -E cmake_link_script CMakeFiles/cmTryCompileExec635818056.dir/link.txt --verbose=1
/usr/bin/cc   -DCHECK_FUNCTION_EXISTS=mkstemp    CMakeFiles/cmTryCompileExec635818056.dir/CheckFunctionExists.c.o  -o cmTryCompileExec635818056 -rdynamic 
make[1]: Leaving directory `/home/neil/Documents/cs4098/check/build/CMakeFiles/CMakeTmp'


Determining if the function realloc exists passed with the following output:
Change Dir: /home/neil/Documents/cs4098/check/build/CMakeFiles/CMakeTmp

Run Build Command:/usr/bin/make "cmTryCompileExec2197159284/fast"
/usr/bin/make -f CMakeFiles/cmTryCompileExec2197159284.dir/build.make CMakeFiles/cmTryCompileExec2197159284.dir/build
make[1]: Entering directory `/home/neil/Documents/cs4098/check/build/CMakeFiles/CMakeTmp'
/usr/bin/cmake -E cmake_progress_report /home/neil/Documents/cs4098/check/build/CMakeFiles/CMakeTmp/CMakeFiles 1
Building C object CMakeFiles/cmTryCompileExec2197159284.dir/CheckFunctionExists.c.o
/usr/bin/cc   -DCHECK_FUNCTION_EXISTS=realloc   -o CMakeFiles/cmTryCompileExec2197159284.dir/CheckFunctionExists.c.o   -c /usr/share/cmake-2.8/Modules/CheckFunctionExists.c
<command-line>:0:23: warning: conflicting types for built-in function ‘realloc’ [enabled by default]
/usr/share/cmake-2.8/Modules/CheckFunctionExists.c:3:6: note: in expansion of macro ‘CHECK_FUNCTION_EXISTS’
 char CHECK_FUNCTION_EXISTS();
      ^
Linking C executable cmTryCompileExec2197159284
/usr/bin/cmake -E cmake_link_script CMakeFiles/cmTryCompileExec2197159284.dir/link.txt --verbose=1
/usr/bin/cc   -DCHECK_FUNCTION_EXISTS=realloc    CMakeFiles/cmTryCompileExec2197159284.dir/CheckFunctionExists.c.o  -o cmTryCompileExec2197159284 -rdynamic 
make[1]: Leaving directory `/home/neil/Documents/cs4098/check/build/CMakeFiles/CMakeTmp'


Determining if the function setenv exists passed with the following output:
Change Dir: /home/neil/Documents/cs4098/check/build/CMakeFiles/CMakeTmp

Run Build Command:/usr/bin/make "cmTryCompileExec2995326276/fast"
/usr/bin/make -f CMakeFiles/cmTryCompileExec2995326276.dir/build.make CMakeFiles/cmTryCompileExec2995326276.dir/build
make[1]: Entering directory `/home/neil/Documents/cs4098/check/build/CMakeFiles/CMakeTmp'
/usr/bin/cmake -E cmake_progress_report /home/neil/Documents/cs4098/check/build/CMakeFiles/CMakeTmp/CMakeFiles 1
Building C object CMakeFiles/cmTryCompileExec2995326276.dir/CheckFunctionExists.c.o
/usr/bin/cc   -DCHECK_FUNCTION_EXISTS=setenv   -o CMakeFiles/cmTryCompileExec2995326276.dir/CheckFunctionExists.c.o   -c /usr/share/cmake-2.8/Modules/CheckFunctionExists.c
Linking C executable cmTryCompileExec2995326276
/usr/bin/cmake -E cmake_link_script CMakeFiles/cmTryCompileExec2995326276.dir/link.txt --verbose=1
/usr/bin/cc   -DCHECK_FUNCTION_EXISTS=setenv    CMakeFiles/cmTryCompileExec2995326276.dir/CheckFunctionExists.c.o  -o cmTryCompileExec2995326276 -rdynamic 
make[1]: Leaving directory `/home/neil/Documents/cs4098/check/build/CMakeFiles/CMakeTmp'


Determining if the function sigaction exists passed with the following output:
Change Dir: /home/neil/Documents/cs4098/check/build/CMakeFiles/CMakeTmp

Run Build Command:/usr/bin/make "cmTryCompileExec2784731606/fast"
/usr/bin/make -f CMakeFiles/cmTryCompileExec2784731606.dir/build.make CMakeFiles/cmTryCompileExec2784731606.dir/build
make[1]: Entering directory `/home/neil/Documents/cs4098/check/build/CMakeFiles/CMakeTmp'
/usr/bin/cmake -E cmake_progress_report /home/neil/Documents/cs4098/check/build/CMakeFiles/CMakeTmp/CMakeFiles 1
Building C object CMakeFiles/cmTryCompileExec2784731606.dir/CheckFunctionExists.c.o
/usr/bin/cc   -DCHECK_FUNCTION_EXISTS=sigaction   -o CMakeFiles/cmTryCompileExec2784731606.dir/CheckFunctionExists.c.o   -c /usr/share/cmake-2.8/Modules/CheckFunctionExists.c
Linking C executable cmTryCompileExec2784731606
/usr/bin/cmake -E cmake_link_script CMakeFiles/cmTryCompileExec2784731606.dir/link.txt --verbose=1
/usr/bin/cc   -DCHECK_FUNCTION_EXISTS=sigaction    CMakeFiles/cmTryCompileExec2784731606.dir/CheckFunctionExists.c.o  -o cmTryCompileExec2784731606 -rdynamic 
make[1]: Leaving directory `/home/neil/Documents/cs4098/check/build/CMakeFiles/CMakeTmp'


Determining if the function strdup exists passed with the following output:
Change Dir: /home/neil/Documents/cs4098/check/build/CMakeFiles/CMakeTmp

Run Build Command:/usr/bin/make "cmTryCompileExec2361494588/fast"
/usr/bin/make -f CMakeFiles/cmTryCompileExec2361494588.dir/build.make CMakeFiles/cmTryCompileExec2361494588.dir/build
make[1]: Entering directory `/home/neil/Documents/cs4098/check/build/CMakeFiles/CMakeTmp'
/usr/bin/cmake -E cmake_progress_report /home/neil/Documents/cs4098/check/build/CMakeFiles/CMakeTmp/CMakeFiles 1
Building C object CMakeFiles/cmTryCompileExec2361494588.dir/CheckFunctionExists.c.o
/usr/bin/cc   -DCHECK_FUNCTION_EXISTS=strdup   -o CMakeFiles/cmTryCompileExec2361494588.dir/CheckFunctionExists.c.o   -c /usr/share/cmake-2.8/Modules/CheckFunctionExists.c
<command-line>:0:23: warning: conflicting types for built-in function ‘strdup’ [enabled by default]
/usr/share/cmake-2.8/Modules/CheckFunctionExists.c:3:6: note: in expansion of macro ‘CHECK_FUNCTION_EXISTS’
 char CHECK_FUNCTION_EXISTS();
      ^
Linking C executable cmTryCompileExec2361494588
/usr/bin/cmake -E cmake_link_script CMakeFiles/cmTryCompileExec2361494588.dir/link.txt --verbose=1
/usr/bin/cc   -DCHECK_FUNCTION_EXISTS=strdup    CMakeFiles/cmTryCompileExec2361494588.dir/CheckFunctionExists.c.o  -o cmTryCompileExec2361494588 -rdynamic 
make[1]: Leaving directory `/home/neil/Documents/cs4098/check/build/CMakeFiles/CMakeTmp'


Determining if the function strsignal exists passed with the following output:
Change Dir: /home/neil/Documents/cs4098/check/build/CMakeFiles/CMakeTmp

Run Build Command:/usr/bin/make "cmTryCompileExec2077204342/fast"
/usr/bin/make -f CMakeFiles/cmTryCompileExec2077204342.dir/build.make CMakeFiles/cmTryCompileExec2077204342.dir/build
make[1]: Entering directory `/home/neil/Documents/cs4098/check/build/CMakeFiles/CMakeTmp'
/usr/bin/cmake -E cmake_progress_report /home/neil/Documents/cs4098/check/build/CMakeFiles/CMakeTmp/CMakeFiles 1
Building C object CMakeFiles/cmTryCompileExec2077204342.dir/CheckFunctionExists.c.o
/usr/bin/cc   -DCHECK_FUNCTION_EXISTS=strsignal   -o CMakeFiles/cmTryCompileExec2077204342.dir/CheckFunctionExists.c.o   -c /usr/share/cmake-2.8/Modules/CheckFunctionExists.c
Linking C executable cmTryCompileExec2077204342
/usr/bin/cmake -E cmake_link_script CMakeFiles/cmTryCompileExec2077204342.dir/link.txt --verbose=1
/usr/bin/cc   -DCHECK_FUNCTION_EXISTS=strsignal    CMakeFiles/cmTryCompileExec2077204342.dir/CheckFunctionExists.c.o  -o cmTryCompileExec2077204342 -rdynamic 
make[1]: Leaving directory `/home/neil/Documents/cs4098/check/build/CMakeFiles/CMakeTmp'


Determining if the function regcomp exists passed with the following output:
Change Dir: /home/neil/Documents/cs4098/check/build/CMakeFiles/CMakeTmp

Run Build Command:/usr/bin/make "cmTryCompileExec4105013106/fast"
/usr/bin/make -f CMakeFiles/cmTryCompileExec4105013106.dir/build.make CMakeFiles/cmTryCompileExec4105013106.dir/build
make[1]: Entering directory `/home/neil/Documents/cs4098/check/build/CMakeFiles/CMakeTmp'
/usr/bin/cmake -E cmake_progress_report /home/neil/Documents/cs4098/check/build/CMakeFiles/CMakeTmp/CMakeFiles 1
Building C object CMakeFiles/cmTryCompileExec4105013106.dir/CheckFunctionExists.c.o
/usr/bin/cc   -DCHECK_FUNCTION_EXISTS=regcomp   -o CMakeFiles/cmTryCompileExec4105013106.dir/CheckFunctionExists.c.o   -c /usr/share/cmake-2.8/Modules/CheckFunctionExists.c
Linking C executable cmTryCompileExec4105013106
/usr/bin/cmake -E cmake_link_script CMakeFiles/cmTryCompileExec4105013106.dir/link.txt --verbose=1
/usr/bin/cc   -DCHECK_FUNCTION_EXISTS=regcomp    CMakeFiles/cmTryCompileExec4105013106.dir/CheckFunctionExists.c.o  -o cmTryCompileExec4105013106 -rdynamic 
make[1]: Leaving directory `/home/neil/Documents/cs4098/check/build/CMakeFiles/CMakeTmp'


Determining if the function regexec exists passed with the following output:
Change Dir: /home/neil/Documents/cs4098/check/build/CMakeFiles/CMakeTmp

Run Build Command:/usr/bin/make "cmTryCompileExec626832215/fast"
/usr/bin/make -f CMakeFiles/cmTryCompileExec626832215.dir/build.make CMakeFiles/cmTryCompileExec626832215.dir/build
make[1]: Entering directory `/home/neil/Documents/cs4098/check/build/CMakeFiles/CMakeTmp'
/usr/bin/cmake -E cmake_progress_report /home/neil/Documents/cs4098/check/build/CMakeFiles/CMakeTmp/CMakeFiles 1
Building C object CMakeFiles/cmTryCompileExec626832215.dir/CheckFunctionExists.c.o
/usr/bin/cc   -DCHECK_FUNCTION_EXISTS=regexec   -o CMakeFiles/cmTryCompileExec626832215.dir/CheckFunctionExists.c.o   -c /usr/share/cmake-2.8/Modules/CheckFunctionExists.c
Linking C executable cmTryCompileExec626832215
/usr/bin/cmake -E cmake_link_script CMakeFiles/cmTryCompileExec626832215.dir/link.txt --verbose=1
/usr/bin/cc   -DCHECK_FUNCTION_EXISTS=regexec    CMakeFiles/cmTryCompileExec626832215.dir/CheckFunctionExists.c.o  -o cmTryCompileExec626832215 -rdynamic 
make[1]: Leaving directory `/home/neil/Documents/cs4098/check/build/CMakeFiles/CMakeTmp'


Determining if the function snprintf exists passed with the following output:
Change Dir: /home/neil/Documents/cs4098/check/build/CMakeFiles/CMakeTmp

Run Build Command:/usr/bin/make "cmTryCompileExec3560794715/fast"
/usr/bin/make -f CMakeFiles/cmTryCompileExec3560794715.dir/build.make CMakeFiles/cmTryCompileExec3560794715.dir/build
make[1]: Entering directory `/home/neil/Documents/cs4098/check/build/CMakeFiles/CMakeTmp'
/usr/bin/cmake -E cmake_progress_report /home/neil/Documents/cs4098/check/build/CMakeFiles/CMakeTmp/CMakeFiles 1
Building C object CMakeFiles/cmTryCompileExec3560794715.dir/CheckFunctionExists.c.o
/usr/bin/cc   -DCHECK_FUNCTION_EXISTS=snprintf   -o CMakeFiles/cmTryCompileExec3560794715.dir/CheckFunctionExists.c.o   -c /usr/share/cmake-2.8/Modules/CheckFunctionExists.c
<command-line>:0:23: warning: conflicting types for built-in function ‘snprintf’ [enabled by default]
/usr/share/cmake-2.8/Modules/CheckFunctionExists.c:3:6: note: in expansion of macro ‘CHECK_FUNCTION_EXISTS’
 char CHECK_FUNCTION_EXISTS();
      ^
Linking C executable cmTryCompileExec3560794715
/usr/bin/cmake -E cmake_link_script CMakeFiles/cmTryCompileExec3560794715.dir/link.txt --verbose=1
/usr/bin/cc   -DCHECK_FUNCTION_EXISTS=snprintf    CMakeFiles/cmTryCompileExec3560794715.dir/CheckFunctionExists.c.o  -o cmTryCompileExec3560794715 -rdynamic 
make[1]: Leaving directory `/home/neil/Documents/cs4098/check/build/CMakeFiles/CMakeTmp'


Determining if the function vsnprintf exists passed with the following output:
Change Dir: /home/neil/Documents/cs4098/check/build/CMakeFiles/CMakeTmp

Run Build Command:/usr/bin/make "cmTryCompileExec792877050/fast"
/usr/bin/make -f CMakeFiles/cmTryCompileExec792877050.dir/build.make CMakeFiles/cmTryCompileExec792877050.dir/build
make[1]: Entering directory `/home/neil/Documents/cs4098/check/build/CMakeFiles/CMakeTmp'
/usr/bin/cmake -E cmake_progress_report /home/neil/Documents/cs4098/check/build/CMakeFiles/CMakeTmp/CMakeFiles 1
Building C object CMakeFiles/cmTryCompileExec792877050.dir/CheckFunctionExists.c.o
/usr/bin/cc   -DCHECK_FUNCTION_EXISTS=vsnprintf   -o CMakeFiles/cmTryCompileExec792877050.dir/CheckFunctionExists.c.o   -c /usr/share/cmake-2.8/Modules/CheckFunctionExists.c
<command-line>:0:23: warning: conflicting types for built-in function ‘vsnprintf’ [enabled by default]
/usr/share/cmake-2.8/Modules/CheckFunctionExists.c:3:6: note: in expansion of macro ‘CHECK_FUNCTION_EXISTS’
 char CHECK_FUNCTION_EXISTS();
      ^
Linking C executable cmTryCompileExec792877050
/usr/bin/cmake -E cmake_link_script CMakeFiles/cmTryCompileExec792877050.dir/link.txt --verbose=1
/usr/bin/cc   -DCHECK_FUNCTION_EXISTS=vsnprintf    CMakeFiles/cmTryCompileExec792877050.dir/CheckFunctionExists.c.o  -o cmTryCompileExec792877050 -rdynamic 
make[1]: Leaving directory `/home/neil/Documents/cs4098/check/build/CMakeFiles/CMakeTmp'


Determining if the snprintf exist passed with the following output:
Change Dir: /home/neil/Documents/cs4098/check/build/CMakeFiles/CMakeTmp

Run Build Command:/usr/bin/make "cmTryCompileExec2910854623/fast"
/usr/bin/make -f CMakeFiles/cmTryCompileExec2910854623.dir/build.make CMakeFiles/cmTryCompileExec2910854623.dir/build
make[1]: Entering directory `/home/neil/Documents/cs4098/check/build/CMakeFiles/CMakeTmp'
/usr/bin/cmake -E cmake_progress_report /home/neil/Documents/cs4098/check/build/CMakeFiles/CMakeTmp/CMakeFiles 1
Building C object CMakeFiles/cmTryCompileExec2910854623.dir/CheckSymbolExists.c.o
/usr/bin/cc    -o CMakeFiles/cmTryCompileExec2910854623.dir/CheckSymbolExists.c.o   -c /home/neil/Documents/cs4098/check/build/CMakeFiles/CMakeTmp/CheckSymbolExists.c
Linking C executable cmTryCompileExec2910854623
/usr/bin/cmake -E cmake_link_script CMakeFiles/cmTryCompileExec2910854623.dir/link.txt --verbose=1
/usr/bin/cc       CMakeFiles/cmTryCompileExec2910854623.dir/CheckSymbolExists.c.o  -o cmTryCompileExec2910854623 -rdynamic 
make[1]: Leaving directory `/home/neil/Documents/cs4098/check/build/CMakeFiles/CMakeTmp'

File /home/neil/Documents/cs4098/check/build/CMakeFiles/CMakeTmp/CheckSymbolExists.c:
/* */
#include <stdio.h>

int main(int argc, char** argv)
{
  (void)argv;
#ifndef snprintf
  return ((int*)(&snprintf))[argc];
#else
  (void)argc;
  return 0;
#endif
}

Determining if the vsnprintf exist passed with the following output:
Change Dir: /home/neil/Documents/cs4098/check/build/CMakeFiles/CMakeTmp

Run Build Command:/usr/bin/make "cmTryCompileExec2026468241/fast"
/usr/bin/make -f CMakeFiles/cmTryCompileExec2026468241.dir/build.make CMakeFiles/cmTryCompileExec2026468241.dir/build
make[1]: Entering directory `/home/neil/Documents/cs4098/check/build/CMakeFiles/CMakeTmp'
/usr/bin/cmake -E cmake_progress_report /home/neil/Documents/cs4098/check/build/CMakeFiles/CMakeTmp/CMakeFiles 1
Building C object CMakeFiles/cmTryCompileExec2026468241.dir/CheckSymbolExists.c.o
/usr/bin/cc    -o CMakeFiles/cmTryCompileExec2026468241.dir/CheckSymbolExists.c.o   -c /home/neil/Documents/cs4098/check/build/CMakeFiles/CMakeTmp/CheckSymbolExists.c
Linking C executable cmTryCompileExec2026468241
/usr/bin/cmake -E cmake_link_script CMakeFiles/cmTryCompileExec2026468241.dir/link.txt --verbose=1
/usr/bin/cc       CMakeFiles/cmTryCompileExec2026468241.dir/CheckSymbolExists.c.o  -o cmTryCompileExec2026468241 -rdynamic 
make[1]: Leaving directory `/home/neil/Documents/cs4098/check/build/CMakeFiles/CMakeTmp'

File /home/neil/Documents/cs4098/check/build/CMakeFiles/CMakeTmp/CheckSymbolExists.c:
/* */
#include <stdio.h>

int main(int argc, char** argv)
{
  (void)argv;
#ifndef vsnprintf
  return ((int*)(&vsnprintf))[argc];
#else
  (void)argc;
  return 0;
#endif
}

Determining if the INT64_MAX exist passed with the following output:
Change Dir: /home/neil/Documents/cs4098/check/build/CMakeFiles/CMakeTmp

Run Build Command:/usr/bin/make "cmTryCompileExec3076648939/fast"
/usr/bin/make -f CMakeFiles/cmTryCompileExec3076648939.dir/build.make CMakeFiles/cmTryCompileExec3076648939.dir/build
make[1]: Entering directory `/home/neil/Documents/cs4098/check/build/CMakeFiles/CMakeTmp'
/usr/bin/cmake -E cmake_progress_report /home/neil/Documents/cs4098/check/build/CMakeFiles/CMakeTmp/CMakeFiles 1
Building C object CMakeFiles/cmTryCompileExec3076648939.dir/CheckSymbolExists.c.o
/usr/bin/cc    -o CMakeFiles/cmTryCompileExec3076648939.dir/CheckSymbolExists.c.o   -c /home/neil/Documents/cs4098/check/build/CMakeFiles/CMakeTmp/CheckSymbolExists.c
Linking C executable cmTryCompileExec3076648939
/usr/bin/cmake -E cmake_link_script CMakeFiles/cmTryCompileExec3076648939.dir/link.txt --verbose=1
/usr/bin/cc       CMakeFiles/cmTryCompileExec3076648939.dir/CheckSymbolExists.c.o  -o cmTryCompileExec3076648939 -rdynamic 
make[1]: Leaving directory `/home/neil/Documents/cs4098/check/build/CMakeFiles/CMakeTmp'

File /home/neil/Documents/cs4098/check/build/CMakeFiles/CMakeTmp/CheckSymbolExists.c:
/* */
#include <limits.h>
#include <stdint.h>
#include <inttypes.h>

int main(int argc, char** argv)
{
  (void)argv;
#ifndef INT64_MAX
  return ((int*)(&INT64_MAX))[argc];
#else
  (void)argc;
  return 0;
#endif
}

Determining if the INT64_MIN exist passed with the following output:
Change Dir: /home/neil/Documents/cs4098/check/build/CMakeFiles/CMakeTmp

Run Build Command:/usr/bin/make "cmTryCompileExec541341227/fast"
/usr/bin/make -f CMakeFiles/cmTryCompileExec541341227.dir/build.make CMakeFiles/cmTryCompileExec541341227.dir/build
make[1]: Entering directory `/home/neil/Documents/cs4098/check/build/CMakeFiles/CMakeTmp'
/usr/bin/cmake -E cmake_progress_report /home/neil/Documents/cs4098/check/build/CMakeFiles/CMakeTmp/CMakeFiles 1
Building C object CMakeFiles/cmTryCompileExec541341227.dir/CheckSymbolExists.c.o
/usr/bin/cc    -o CMakeFiles/cmTryCompileExec541341227.dir/CheckSymbolExists.c.o   -c /home/neil/Documents/cs4098/check/build/CMakeFiles/CMakeTmp/CheckSymbolExists.c
Linking C executable cmTryCompileExec541341227
/usr/bin/cmake -E cmake_link_script CMakeFiles/cmTryCompileExec541341227.dir/link.txt --verbose=1
/usr/bin/cc       CMakeFiles/cmTryCompileExec541341227.dir/CheckSymbolExists.c.o  -o cmTryCompileExec541341227 -rdynamic 
make[1]: Leaving directory `/home/neil/Documents/cs4098/check/build/CMakeFiles/CMakeTmp'

File /home/neil/Documents/cs4098/check/build/CMakeFiles/CMakeTmp/CheckSymbolExists.c:
/* */
#include <limits.h>
#include <stdint.h>
#include <inttypes.h>

int main(int argc, char** argv)
{
  (void)argv;
#ifndef INT64_MIN
  return ((int*)(&INT64_MIN))[argc];
#else
  (void)argc;
  return 0;
#endif
}

Determining if the UINT32_MAX exist passed with the following output:
Change Dir: /home/neil/Documents/cs4098/check/build/CMakeFiles/CMakeTmp

Run Build Command:/usr/bin/make "cmTryCompileExec3218565970/fast"
/usr/bin/make -f CMakeFiles/cmTryCompileExec3218565970.dir/build.make CMakeFiles/cmTryCompileExec3218565970.dir/build
make[1]: Entering directory `/home/neil/Documents/cs4098/check/build/CMakeFiles/CMakeTmp'
/usr/bin/cmake -E cmake_progress_report /home/neil/Documents/cs4098/check/build/CMakeFiles/CMakeTmp/CMakeFiles 1
Building C object CMakeFiles/cmTryCompileExec3218565970.dir/CheckSymbolExists.c.o
/usr/bin/cc    -o CMakeFiles/cmTryCompileExec3218565970.dir/CheckSymbolExists.c.o   -c /home/neil/Documents/cs4098/check/build/CMakeFiles/CMakeTmp/CheckSymbolExists.c
Linking C executable cmTryCompileExec3218565970
/usr/bin/cmake -E cmake_link_script CMakeFiles/cmTryCompileExec3218565970.dir/link.txt --verbose=1
/usr/bin/cc       CMakeFiles/cmTryCompileExec3218565970.dir/CheckSymbolExists.c.o  -o cmTryCompileExec3218565970 -rdynamic 
make[1]: Leaving directory `/home/neil/Documents/cs4098/check/build/CMakeFiles/CMakeTmp'

File /home/neil/Documents/cs4098/check/build/CMakeFiles/CMakeTmp/CheckSymbolExists.c:
/* */
#include <limits.h>
#include <stdint.h>
#include <inttypes.h>

int main(int argc, char** argv)
{
  (void)argv;
#ifndef UINT32_MAX
  return ((int*)(&UINT32_MAX))[argc];
#else
  (void)argc;
  return 0;
#endif
}

Determining if the UINT64_MAX exist passed with the following output:
Change Dir: /home/neil/Documents/cs4098/check/build/CMakeFiles/CMakeTmp

Run Build Command:/usr/bin/make "cmTryCompileExec2395720506/fast"
/usr/bin/make -f CMakeFiles/cmTryCompileExec2395720506.dir/build.make CMakeFiles/cmTryCompileExec2395720506.dir/build
make[1]: Entering directory `/home/neil/Documents/cs4098/check/build/CMakeFiles/CMakeTmp'
/usr/bin/cmake -E cmake_progress_report /home/neil/Documents/cs4098/check/build/CMakeFiles/CMakeTmp/CMakeFiles 1
Building C object CMakeFiles/cmTryCompileExec2395720506.dir/CheckSymbolExists.c.o
/usr/bin/cc    -o CMakeFiles/cmTryCompileExec2395720506.dir/CheckSymbolExists.c.o   -c /home/neil/Documents/cs4098/check/build/CMakeFiles/CMakeTmp/CheckSymbolExists.c
Linking C executable cmTryCompileExec2395720506
/usr/bin/cmake -E cmake_link_script CMakeFiles/cmTryCompileExec2395720506.dir/link.txt --verbose=1
/usr/bin/cc       CMakeFiles/cmTryCompileExec2395720506.dir/CheckSymbolExists.c.o  -o cmTryCompileExec2395720506 -rdynamic 
make[1]: Leaving directory `/home/neil/Documents/cs4098/check/build/CMakeFiles/CMakeTmp'

File /home/neil/Documents/cs4098/check/build/CMakeFiles/CMakeTmp/CheckSymbolExists.c:
/* */
#include <limits.h>
#include <stdint.h>
#include <inttypes.h>

int main(int argc, char** argv)
{
  (void)argv;
#ifndef UINT64_MAX
  return ((int*)(&UINT64_MAX))[argc];
#else
  (void)argc;
  return 0;
#endif
}

Determining if the SIZE_MAX exist passed with the following output:
Change Dir: /home/neil/Documents/cs4098/check/build/CMakeFiles/CMakeTmp

Run Build Command:/usr/bin/make "cmTryCompileExec2888773128/fast"
/usr/bin/make -f CMakeFiles/cmTryCompileExec2888773128.dir/build.make CMakeFiles/cmTryCompileExec2888773128.dir/build
make[1]: Entering directory `/home/neil/Documents/cs4098/check/build/CMakeFiles/CMakeTmp'
/usr/bin/cmake -E cmake_progress_report /home/neil/Documents/cs4098/check/build/CMakeFiles/CMakeTmp/CMakeFiles 1
Building C object CMakeFiles/cmTryCompileExec2888773128.dir/CheckSymbolExists.c.o
/usr/bin/cc    -o CMakeFiles/cmTryCompileExec2888773128.dir/CheckSymbolExists.c.o   -c /home/neil/Documents/cs4098/check/build/CMakeFiles/CMakeTmp/CheckSymbolExists.c
Linking C executable cmTryCompileExec2888773128
/usr/bin/cmake -E cmake_link_script CMakeFiles/cmTryCompileExec2888773128.dir/link.txt --verbose=1
/usr/bin/cc       CMakeFiles/cmTryCompileExec2888773128.dir/CheckSymbolExists.c.o  -o cmTryCompileExec2888773128 -rdynamic 
make[1]: Leaving directory `/home/neil/Documents/cs4098/check/build/CMakeFiles/CMakeTmp'

File /home/neil/Documents/cs4098/check/build/CMakeFiles/CMakeTmp/CheckSymbolExists.c:
/* */
#include <limits.h>
#include <stdint.h>
#include <inttypes.h>

int main(int argc, char** argv)
{
  (void)argv;
#ifndef SIZE_MAX
  return ((int*)(&SIZE_MAX))[argc];
#else
  (void)argc;
  return 0;
#endif
}

Determining if the SSIZE_MAX exist passed with the following output:
Change Dir: /home/neil/Documents/cs4098/check/build/CMakeFiles/CMakeTmp

Run Build Command:/usr/bin/make "cmTryCompileExec1212665262/fast"
/usr/bin/make -f CMakeFiles/cmTryCompileExec1212665262.dir/build.make CMakeFiles/cmTryCompileExec1212665262.dir/build
make[1]: Entering directory `/home/neil/Documents/cs4098/check/build/CMakeFiles/CMakeTmp'
/usr/bin/cmake -E cmake_progress_report /home/neil/Documents/cs4098/check/build/CMakeFiles/CMakeTmp/CMakeFiles 1
Building C object CMakeFiles/cmTryCompileExec1212665262.dir/CheckSymbolExists.c.o
/usr/bin/cc    -o CMakeFiles/cmTryCompileExec1212665262.dir/CheckSymbolExists.c.o   -c /home/neil/Documents/cs4098/check/build/CMakeFiles/CMakeTmp/CheckSymbolExists.c
Linking C executable cmTryCompileExec1212665262
/usr/bin/cmake -E cmake_link_script CMakeFiles/cmTryCompileExec1212665262.dir/link.txt --verbose=1
/usr/bin/cc       CMakeFiles/cmTryCompileExec1212665262.dir/CheckSymbolExists.c.o  -o cmTryCompileExec1212665262 -rdynamic 
make[1]: Leaving directory `/home/neil/Documents/cs4098/check/build/CMakeFiles/CMakeTmp'

File /home/neil/Documents/cs4098/check/build/CMakeFiles/CMakeTmp/CheckSymbolExists.c:
/* */
#include <limits.h>

int main(int argc, char** argv)
{
  (void)argv;
#ifndef SSIZE_MAX
  return ((int*)(&SSIZE_MAX))[argc];
#else
  (void)argc;
  return 0;
#endif
}

Determining if the include file stddef.h exists passed with the following output:
Change Dir: /home/neil/Documents/cs4098/check/build/CMakeFiles/CMakeTmp

Run Build Command:/usr/bin/make "cmTryCompileExec3284024235/fast"
/usr/bin/make -f CMakeFiles/cmTryCompileExec3284024235.dir/build.make CMakeFiles/cmTryCompileExec3284024235.dir/build
make[1]: Entering directory `/home/neil/Documents/cs4098/check/build/CMakeFiles/CMakeTmp'
/usr/bin/cmake -E cmake_progress_report /home/neil/Documents/cs4098/check/build/CMakeFiles/CMakeTmp/CMakeFiles 1
Building C object CMakeFiles/cmTryCompileExec3284024235.dir/CheckIncludeFile.c.o
/usr/bin/cc    -o CMakeFiles/cmTryCompileExec3284024235.dir/CheckIncludeFile.c.o   -c /home/neil/Documents/cs4098/check/build/CMakeFiles/CMakeTmp/CheckIncludeFile.c
Linking C executable cmTryCompileExec3284024235
/usr/bin/cmake -E cmake_link_script CMakeFiles/cmTryCompileExec3284024235.dir/link.txt --verbose=1
/usr/bin/cc       CMakeFiles/cmTryCompileExec3284024235.dir/CheckIncludeFile.c.o  -o cmTryCompileExec3284024235 -rdynamic 
make[1]: Leaving directory `/home/neil/Documents/cs4098/check/build/CMakeFiles/CMakeTmp'


Determining size of short passed with the following output:
Change Dir: /home/neil/Documents/cs4098/check/build/CMakeFiles/CMakeTmp

Run Build Command:/usr/bin/make "cmTryCompileExec2831826265/fast"
/usr/bin/make -f CMakeFiles/cmTryCompileExec2831826265.dir/build.make CMakeFiles/cmTryCompileExec2831826265.dir/build
make[1]: Entering directory `/home/neil/Documents/cs4098/check/build/CMakeFiles/CMakeTmp'
/usr/bin/cmake -E cmake_progress_report /home/neil/Documents/cs4098/check/build/CMakeFiles/CMakeTmp/CMakeFiles 1
Building C object CMakeFiles/cmTryCompileExec2831826265.dir/SIZE_OF_SHORT.c.o
/usr/bin/cc    -o CMakeFiles/cmTryCompileExec2831826265.dir/SIZE_OF_SHORT.c.o   -c /home/neil/Documents/cs4098/check/build/CMakeFiles/CheckTypeSize/SIZE_OF_SHORT.c
Linking C executable cmTryCompileExec2831826265
/usr/bin/cmake -E cmake_link_script CMakeFiles/cmTryCompileExec2831826265.dir/link.txt --verbose=1
/usr/bin/cc       CMakeFiles/cmTryCompileExec2831826265.dir/SIZE_OF_SHORT.c.o  -o cmTryCompileExec2831826265 -rdynamic 
make[1]: Leaving directory `/home/neil/Documents/cs4098/check/build/CMakeFiles/CMakeTmp'


Determining size of int passed with the following output:
Change Dir: /home/neil/Documents/cs4098/check/build/CMakeFiles/CMakeTmp

Run Build Command:/usr/bin/make "cmTryCompileExec2558152438/fast"
/usr/bin/make -f CMakeFiles/cmTryCompileExec2558152438.dir/build.make CMakeFiles/cmTryCompileExec2558152438.dir/build
make[1]: Entering directory `/home/neil/Documents/cs4098/check/build/CMakeFiles/CMakeTmp'
/usr/bin/cmake -E cmake_progress_report /home/neil/Documents/cs4098/check/build/CMakeFiles/CMakeTmp/CMakeFiles 1
Building C object CMakeFiles/cmTryCompileExec2558152438.dir/SIZE_OF_INT.c.o
/usr/bin/cc    -o CMakeFiles/cmTryCompileExec2558152438.dir/SIZE_OF_INT.c.o   -c /home/neil/Documents/cs4098/check/build/CMakeFiles/CheckTypeSize/SIZE_OF_INT.c
Linking C executable cmTryCompileExec2558152438
/usr/bin/cmake -E cmake_link_script CMakeFiles/cmTryCompileExec2558152438.dir/link.txt --verbose=1
/usr/bin/cc       CMakeFiles/cmTryCompileExec2558152438.dir/SIZE_OF_INT.c.o  -o cmTryCompileExec2558152438 -rdynamic 
make[1]: Leaving directory `/home/neil/Documents/cs4098/check/build/CMakeFiles/CMakeTmp'


Determining size of long passed with the following output:
Change Dir: /home/neil/Documents/cs4098/check/build/CMakeFiles/CMakeTmp

Run Build Command:/usr/bin/make "cmTryCompileExec2797724489/fast"
/usr/bin/make -f CMakeFiles/cmTryCompileExec2797724489.dir/build.make CMakeFiles/cmTryCompileExec2797724489.dir/build
make[1]: Entering directory `/home/neil/Documents/cs4098/check/build/CMakeFiles/CMakeTmp'
/usr/bin/cmake -E cmake_progress_report /home/neil/Documents/cs4098/check/build/CMakeFiles/CMakeTmp/CMakeFiles 1
Building C object CMakeFiles/cmTryCompileExec2797724489.dir/SIZE_OF_LONG.c.o
/usr/bin/cc    -o CMakeFiles/cmTryCompileExec2797724489.dir/SIZE_OF_LONG.c.o   -c /home/neil/Documents/cs4098/check/build/CMakeFiles/CheckTypeSize/SIZE_OF_LONG.c
Linking C executable cmTryCompileExec2797724489
/usr/bin/cmake -E cmake_link_script CMakeFiles/cmTryCompileExec2797724489.dir/link.txt --verbose=1
/usr/bin/cc       CMakeFiles/cmTryCompileExec2797724489.dir/SIZE_OF_LONG.c.o  -o cmTryCompileExec2797724489 -rdynamic 
make[1]: Leaving directory `/home/neil/Documents/cs4098/check/build/CMakeFiles/CMakeTmp'


Determining size of long long passed with the following output:
Change Dir: /home/neil/Documents/cs4098/check/build/CMakeFiles/CMakeTmp

Run Build Command:/usr/bin/make "cmTryCompileExec2917662440/fast"
/usr/bin/make -f CMakeFiles/cmTryCompileExec2917662440.dir/build.make CMakeFiles/cmTryCompileExec2917662440.dir/build
make[1]: Entering directory `/home/neil/Documents/cs4098/check/build/CMakeFiles/CMakeTmp'
/usr/bin/cmake -E cmake_progress_report /home/neil/Documents/cs4098/check/build/CMakeFiles/CMakeTmp/CMakeFiles 1
Building C object CMakeFiles/cmTryCompileExec2917662440.dir/SIZE_OF_LONG_LONG.c.o
/usr/bin/cc    -o CMakeFiles/cmTryCompileExec2917662440.dir/SIZE_OF_LONG_LONG.c.o   -c /home/neil/Documents/cs4098/check/build/CMakeFiles/CheckTypeSize/SIZE_OF_LONG_LONG.c
Linking C executable cmTryCompileExec2917662440
/usr/bin/cmake -E cmake_link_script CMakeFiles/cmTryCompileExec2917662440.dir/link.txt --verbose=1
/usr/bin/cc       CMakeFiles/cmTryCompileExec2917662440.dir/SIZE_OF_LONG_LONG.c.o  -o cmTryCompileExec2917662440 -rdynamic 
make[1]: Leaving directory `/home/neil/Documents/cs4098/check/build/CMakeFiles/CMakeTmp'


Determining size of unsigned short passed with the following output:
Change Dir: /home/neil/Documents/cs4098/check/build/CMakeFiles/CMakeTmp

Run Build Command:/usr/bin/make "cmTryCompileExec1503996359/fast"
/usr/bin/make -f CMakeFiles/cmTryCompileExec1503996359.dir/build.make CMakeFiles/cmTryCompileExec1503996359.dir/build
make[1]: Entering directory `/home/neil/Documents/cs4098/check/build/CMakeFiles/CMakeTmp'
/usr/bin/cmake -E cmake_progress_report /home/neil/Documents/cs4098/check/build/CMakeFiles/CMakeTmp/CMakeFiles 1
Building C object CMakeFiles/cmTryCompileExec1503996359.dir/SIZE_OF_UNSIGNED_SHORT.c.o
/usr/bin/cc    -o CMakeFiles/cmTryCompileExec1503996359.dir/SIZE_OF_UNSIGNED_SHORT.c.o   -c /home/neil/Documents/cs4098/check/build/CMakeFiles/CheckTypeSize/SIZE_OF_UNSIGNED_SHORT.c
Linking C executable cmTryCompileExec1503996359
/usr/bin/cmake -E cmake_link_script CMakeFiles/cmTryCompileExec1503996359.dir/link.txt --verbose=1
/usr/bin/cc       CMakeFiles/cmTryCompileExec1503996359.dir/SIZE_OF_UNSIGNED_SHORT.c.o  -o cmTryCompileExec1503996359 -rdynamic 
make[1]: Leaving directory `/home/neil/Documents/cs4098/check/build/CMakeFiles/CMakeTmp'


Determining size of unsigned passed with the following output:
Change Dir: /home/neil/Documents/cs4098/check/build/CMakeFiles/CMakeTmp

Run Build Command:/usr/bin/make "cmTryCompileExec1288955000/fast"
/usr/bin/make -f CMakeFiles/cmTryCompileExec1288955000.dir/build.make CMakeFiles/cmTryCompileExec1288955000.dir/build
make[1]: Entering directory `/home/neil/Documents/cs4098/check/build/CMakeFiles/CMakeTmp'
/usr/bin/cmake -E cmake_progress_report /home/neil/Documents/cs4098/check/build/CMakeFiles/CMakeTmp/CMakeFiles 1
Building C object CMakeFiles/cmTryCompileExec1288955000.dir/SIZE_OF_UNSIGNED.c.o
/usr/bin/cc    -o CMakeFiles/cmTryCompileExec1288955000.dir/SIZE_OF_UNSIGNED.c.o   -c /home/neil/Documents/cs4098/check/build/CMakeFiles/CheckTypeSize/SIZE_OF_UNSIGNED.c
Linking C executable cmTryCompileExec1288955000
/usr/bin/cmake -E cmake_link_script CMakeFiles/cmTryCompileExec1288955000.dir/link.txt --verbose=1
/usr/bin/cc       CMakeFiles/cmTryCompileExec1288955000.dir/SIZE_OF_UNSIGNED.c.o  -o cmTryCompileExec1288955000 -rdynamic 
make[1]: Leaving directory `/home/neil/Documents/cs4098/check/build/CMakeFiles/CMakeTmp'


Determining size of unsigned long passed with the following output:
Change Dir: /home/neil/Documents/cs4098/check/build/CMakeFiles/CMakeTmp

Run Build Command:/usr/bin/make "cmTryCompileExec2806427829/fast"
/usr/bin/make -f CMakeFiles/cmTryCompileExec2806427829.dir/build.make CMakeFiles/cmTryCompileExec2806427829.dir/build
make[1]: Entering directory `/home/neil/Documents/cs4098/check/build/CMakeFiles/CMakeTmp'
/usr/bin/cmake -E cmake_progress_report /home/neil/Documents/cs4098/check/build/CMakeFiles/CMakeTmp/CMakeFiles 1
Building C object CMakeFiles/cmTryCompileExec2806427829.dir/SIZE_OF_UNSIGNED_LONG.c.o
/usr/bin/cc    -o CMakeFiles/cmTryCompileExec2806427829.dir/SIZE_OF_UNSIGNED_LONG.c.o   -c /home/neil/Documents/cs4098/check/build/CMakeFiles/CheckTypeSize/SIZE_OF_UNSIGNED_LONG.c
Linking C executable cmTryCompileExec2806427829
/usr/bin/cmake -E cmake_link_script CMakeFiles/cmTryCompileExec2806427829.dir/link.txt --verbose=1
/usr/bin/cc       CMakeFiles/cmTryCompileExec2806427829.dir/SIZE_OF_UNSIGNED_LONG.c.o  -o cmTryCompileExec2806427829 -rdynamic 
make[1]: Leaving directory `/home/neil/Documents/cs4098/check/build/CMakeFiles/CMakeTmp'


Determining size of unsigned long long passed with the following output:
Change Dir: /home/neil/Documents/cs4098/check/build/CMakeFiles/CMakeTmp

Run Build Command:/usr/bin/make "cmTryCompileExec2310477576/fast"
/usr/bin/make -f CMakeFiles/cmTryCompileExec2310477576.dir/build.make CMakeFiles/cmTryCompileExec2310477576.dir/build
make[1]: Entering directory `/home/neil/Documents/cs4098/check/build/CMakeFiles/CMakeTmp'
/usr/bin/cmake -E cmake_progress_report /home/neil/Documents/cs4098/check/build/CMakeFiles/CMakeTmp/CMakeFiles 1
Building C object CMakeFiles/cmTryCompileExec2310477576.dir/SIZE_OF_UNSIGNED_LONG_LONG.c.o
/usr/bin/cc    -o CMakeFiles/cmTryCompileExec2310477576.dir/SIZE_OF_UNSIGNED_LONG_LONG.c.o   -c /home/neil/Documents/cs4098/check/build/CMakeFiles/CheckTypeSize/SIZE_OF_UNSIGNED_LONG_LONG.c
Linking C executable cmTryCompileExec2310477576
/usr/bin/cmake -E cmake_link_script CMakeFiles/cmTryCompileExec2310477576.dir/link.txt --verbose=1
/usr/bin/cc       CMakeFiles/cmTryCompileExec2310477576.dir/SIZE_OF_UNSIGNED_LONG_LONG.c.o  -o cmTryCompileExec2310477576 -rdynamic 
make[1]: Leaving directory `/home/neil/Documents/cs4098/check/build/CMakeFiles/CMakeTmp'


Determining size of int16_t passed with the following output:
Change Dir: /home/neil/Documents/cs4098/check/build/CMakeFiles/CMakeTmp

Run Build Command:/usr/bin/make "cmTryCompileExec2678483860/fast"
/usr/bin/make -f CMakeFiles/cmTryCompileExec2678483860.dir/build.make CMakeFiles/cmTryCompileExec2678483860.dir/build
make[1]: Entering directory `/home/neil/Documents/cs4098/check/build/CMakeFiles/CMakeTmp'
/usr/bin/cmake -E cmake_progress_report /home/neil/Documents/cs4098/check/build/CMakeFiles/CMakeTmp/CMakeFiles 1
Building C object CMakeFiles/cmTryCompileExec2678483860.dir/INT16_T.c.o
/usr/bin/cc    -o CMakeFiles/cmTryCompileExec2678483860.dir/INT16_T.c.o   -c /home/neil/Documents/cs4098/check/build/CMakeFiles/CheckTypeSize/INT16_T.c
Linking C executable cmTryCompileExec2678483860
/usr/bin/cmake -E cmake_link_script CMakeFiles/cmTryCompileExec2678483860.dir/link.txt --verbose=1
/usr/bin/cc       CMakeFiles/cmTryCompileExec2678483860.dir/INT16_T.c.o  -o cmTryCompileExec2678483860 -rdynamic 
make[1]: Leaving directory `/home/neil/Documents/cs4098/check/build/CMakeFiles/CMakeTmp'


Determining size of int32_t passed with the following output:
Change Dir: /home/neil/Documents/cs4098/check/build/CMakeFiles/CMakeTmp

Run Build Command:/usr/bin/make "cmTryCompileExec207669922/fast"
/usr/bin/make -f CMakeFiles/cmTryCompileExec207669922.dir/build.make CMakeFiles/cmTryCompileExec207669922.dir/build
make[1]: Entering directory `/home/neil/Documents/cs4098/check/build/CMakeFiles/CMakeTmp'
/usr/bin/cmake -E cmake_progress_report /home/neil/Documents/cs4098/check/build/CMakeFiles/CMakeTmp/CMakeFiles 1
Building C object CMakeFiles/cmTryCompileExec207669922.dir/INT32_T.c.o
/usr/bin/cc    -o CMakeFiles/cmTryCompileExec207669922.dir/INT32_T.c.o   -c /home/neil/Documents/cs4098/check/build/CMakeFiles/CheckTypeSize/INT32_T.c
Linking C executable cmTryCompileExec207669922
/usr/bin/cmake -E cmake_link_script CMakeFiles/cmTryCompileExec207669922.dir/link.txt --verbose=1
/usr/bin/cc       CMakeFiles/cmTryCompileExec207669922.dir/INT32_T.c.o  -o cmTryCompileExec207669922 -rdynamic 
make[1]: Leaving directory `/home/neil/Documents/cs4098/check/build/CMakeFiles/CMakeTmp'


Determining size of int64_t passed with the following output:
Change Dir: /home/neil/Documents/cs4098/check/build/CMakeFiles/CMakeTmp

Run Build Command:/usr/bin/make "cmTryCompileExec1471644409/fast"
/usr/bin/make -f CMakeFiles/cmTryCompileExec1471644409.dir/build.make CMakeFiles/cmTryCompileExec1471644409.dir/build
make[1]: Entering directory `/home/neil/Documents/cs4098/check/build/CMakeFiles/CMakeTmp'
/usr/bin/cmake -E cmake_progress_report /home/neil/Documents/cs4098/check/build/CMakeFiles/CMakeTmp/CMakeFiles 1
Building C object CMakeFiles/cmTryCompileExec1471644409.dir/INT64_T.c.o
/usr/bin/cc    -o CMakeFiles/cmTryCompileExec1471644409.dir/INT64_T.c.o   -c /home/neil/Documents/cs4098/check/build/CMakeFiles/CheckTypeSize/INT64_T.c
Linking C executable cmTryCompileExec1471644409
/usr/bin/cmake -E cmake_link_script CMakeFiles/cmTryCompileExec1471644409.dir/link.txt --verbose=1
/usr/bin/cc       CMakeFiles/cmTryCompileExec1471644409.dir/INT64_T.c.o  -o cmTryCompileExec1471644409 -rdynamic 
make[1]: Leaving directory `/home/neil/Documents/cs4098/check/build/CMakeFiles/CMakeTmp'


Determining size of intmax_t passed with the following output:
Change Dir: /home/neil/Documents/cs4098/check/build/CMakeFiles/CMakeTmp

Run Build Command:/usr/bin/make "cmTryCompileExec1784530815/fast"
/usr/bin/make -f CMakeFiles/cmTryCompileExec1784530815.dir/build.make CMakeFiles/cmTryCompileExec1784530815.dir/build
make[1]: Entering directory `/home/neil/Documents/cs4098/check/build/CMakeFiles/CMakeTmp'
/usr/bin/cmake -E cmake_progress_report /home/neil/Documents/cs4098/check/build/CMakeFiles/CMakeTmp/CMakeFiles 1
Building C object CMakeFiles/cmTryCompileExec1784530815.dir/INTMAX_T.c.o
/usr/bin/cc    -o CMakeFiles/cmTryCompileExec1784530815.dir/INTMAX_T.c.o   -c /home/neil/Documents/cs4098/check/build/CMakeFiles/CheckTypeSize/INTMAX_T.c
Linking C executable cmTryCompileExec1784530815
/usr/bin/cmake -E cmake_link_script CMakeFiles/cmTryCompileExec1784530815.dir/link.txt --verbose=1
/usr/bin/cc       CMakeFiles/cmTryCompileExec1784530815.dir/INTMAX_T.c.o  -o cmTryCompileExec1784530815 -rdynamic 
make[1]: Leaving directory `/home/neil/Documents/cs4098/check/build/CMakeFiles/CMakeTmp'


Determining size of uint8_t passed with the following output:
Change Dir: /home/neil/Documents/cs4098/check/build/CMakeFiles/CMakeTmp

Run Build Command:/usr/bin/make "cmTryCompileExec1465952776/fast"
/usr/bin/make -f CMakeFiles/cmTryCompileExec1465952776.dir/build.make CMakeFiles/cmTryCompileExec1465952776.dir/build
make[1]: Entering directory `/home/neil/Documents/cs4098/check/build/CMakeFiles/CMakeTmp'
/usr/bin/cmake -E cmake_progress_report /home/neil/Documents/cs4098/check/build/CMakeFiles/CMakeTmp/CMakeFiles 1
Building C object CMakeFiles/cmTryCompileExec1465952776.dir/UINT8_T.c.o
/usr/bin/cc    -o CMakeFiles/cmTryCompileExec1465952776.dir/UINT8_T.c.o   -c /home/neil/Documents/cs4098/check/build/CMakeFiles/CheckTypeSize/UINT8_T.c
Linking C executable cmTryCompileExec1465952776
/usr/bin/cmake -E cmake_link_script CMakeFiles/cmTryCompileExec1465952776.dir/link.txt --verbose=1
/usr/bin/cc       CMakeFiles/cmTryCompileExec1465952776.dir/UINT8_T.c.o  -o cmTryCompileExec1465952776 -rdynamic 
make[1]: Leaving directory `/home/neil/Documents/cs4098/check/build/CMakeFiles/CMakeTmp'


Determining size of uint16_t passed with the following output:
Change Dir: /home/neil/Documents/cs4098/check/build/CMakeFiles/CMakeTmp

Run Build Command:/usr/bin/make "cmTryCompileExec2133219174/fast"
/usr/bin/make -f CMakeFiles/cmTryCompileExec2133219174.dir/build.make CMakeFiles/cmTryCompileExec2133219174.dir/build
make[1]: Entering directory `/home/neil/Documents/cs4098/check/build/CMakeFiles/CMakeTmp'
/usr/bin/cmake -E cmake_progress_report /home/neil/Documents/cs4098/check/build/CMakeFiles/CMakeTmp/CMakeFiles 1
Building C object CMakeFiles/cmTryCompileExec2133219174.dir/UINT16_T.c.o
/usr/bin/cc    -o CMakeFiles/cmTryCompileExec2133219174.dir/UINT16_T.c.o   -c /home/neil/Documents/cs4098/check/build/CMakeFiles/CheckTypeSize/UINT16_T.c
Linking C executable cmTryCompileExec2133219174
/usr/bin/cmake -E cmake_link_script CMakeFiles/cmTryCompileExec2133219174.dir/link.txt --verbose=1
/usr/bin/cc       CMakeFiles/cmTryCompileExec2133219174.dir/UINT16_T.c.o  -o cmTryCompileExec2133219174 -rdynamic 
make[1]: Leaving directory `/home/neil/Documents/cs4098/check/build/CMakeFiles/CMakeTmp'


Determining size of uint32_t passed with the following output:
Change Dir: /home/neil/Documents/cs4098/check/build/CMakeFiles/CMakeTmp

Run Build Command:/usr/bin/make "cmTryCompileExec1358227076/fast"
/usr/bin/make -f CMakeFiles/cmTryCompileExec1358227076.dir/build.make CMakeFiles/cmTryCompileExec1358227076.dir/build
make[1]: Entering directory `/home/neil/Documents/cs4098/check/build/CMakeFiles/CMakeTmp'
/usr/bin/cmake -E cmake_progress_report /home/neil/Documents/cs4098/check/build/CMakeFiles/CMakeTmp/CMakeFiles 1
Building C object CMakeFiles/cmTryCompileExec1358227076.dir/UINT32_T.c.o
/usr/bin/cc    -o CMakeFiles/cmTryCompileExec1358227076.dir/UINT32_T.c.o   -c /home/neil/Documents/cs4098/check/build/CMakeFiles/CheckTypeSize/UINT32_T.c
Linking C executable cmTryCompileExec1358227076
/usr/bin/cmake -E cmake_link_script CMakeFiles/cmTryCompileExec1358227076.dir/link.txt --verbose=1
/usr/bin/cc       CMakeFiles/cmTryCompileExec1358227076.dir/UINT32_T.c.o  -o cmTryCompileExec1358227076 -rdynamic 
make[1]: Leaving directory `/home/neil/Documents/cs4098/check/build/CMakeFiles/CMakeTmp'


Determining size of uint64_t passed with the following output:
Change Dir: /home/neil/Documents/cs4098/check/build/CMakeFiles/CMakeTmp

Run Build Command:/usr/bin/make "cmTryCompileExec4081279842/fast"
/usr/bin/make -f CMakeFiles/cmTryCompileExec4081279842.dir/build.make CMakeFiles/cmTryCompileExec4081279842.dir/build
make[1]: Entering directory `/home/neil/Documents/cs4098/check/build/CMakeFiles/CMakeTmp'
/usr/bin/cmake -E cmake_progress_report /home/neil/Documents/cs4098/check/build/CMakeFiles/CMakeTmp/CMakeFiles 1
Building C object CMakeFiles/cmTryCompileExec4081279842.dir/UINT64_T.c.o
/usr/bin/cc    -o CMakeFiles/cmTryCompileExec4081279842.dir/UINT64_T.c.o   -c /home/neil/Documents/cs4098/check/build/CMakeFiles/CheckTypeSize/UINT64_T.c
Linking C executable cmTryCompileExec4081279842
/usr/bin/cmake -E cmake_link_script CMakeFiles/cmTryCompileExec4081279842.dir/link.txt --verbose=1
/usr/bin/cc       CMakeFiles/cmTryCompileExec4081279842.dir/UINT64_T.c.o  -o cmTryCompileExec4081279842 -rdynamic 
make[1]: Leaving directory `/home/neil/Documents/cs4098/check/build/CMakeFiles/CMakeTmp'


Determining size of uintmax_t passed with the following output:
Change Dir: /home/neil/Documents/cs4098/check/build/CMakeFiles/CMakeTmp

Run Build Command:/usr/bin/make "cmTryCompileExec402784462/fast"
/usr/bin/make -f CMakeFiles/cmTryCompileExec402784462.dir/build.make CMakeFiles/cmTryCompileExec402784462.dir/build
make[1]: Entering directory `/home/neil/Documents/cs4098/check/build/CMakeFiles/CMakeTmp'
/usr/bin/cmake -E cmake_progress_report /home/neil/Documents/cs4098/check/build/CMakeFiles/CMakeTmp/CMakeFiles 1
Building C object CMakeFiles/cmTryCompileExec402784462.dir/UINTMAX_T.c.o
/usr/bin/cc    -o CMakeFiles/cmTryCompileExec402784462.dir/UINTMAX_T.c.o   -c /home/neil/Documents/cs4098/check/build/CMakeFiles/CheckTypeSize/UINTMAX_T.c
Linking C executable cmTryCompileExec402784462
/usr/bin/cmake -E cmake_link_script CMakeFiles/cmTryCompileExec402784462.dir/link.txt --verbose=1
/usr/bin/cc       CMakeFiles/cmTryCompileExec402784462.dir/UINTMAX_T.c.o  -o cmTryCompileExec402784462 -rdynamic 
make[1]: Leaving directory `/home/neil/Documents/cs4098/check/build/CMakeFiles/CMakeTmp'


Determining size of clock_t passed with the following output:
Change Dir: /home/neil/Documents/cs4098/check/build/CMakeFiles/CMakeTmp

Run Build Command:/usr/bin/make "cmTryCompileExec2914842571/fast"
/usr/bin/make -f CMakeFiles/cmTryCompileExec2914842571.dir/build.make CMakeFiles/cmTryCompileExec2914842571.dir/build
make[1]: Entering directory `/home/neil/Documents/cs4098/check/build/CMakeFiles/CMakeTmp'
/usr/bin/cmake -E cmake_progress_report /home/neil/Documents/cs4098/check/build/CMakeFiles/CMakeTmp/CMakeFiles 1
Building C object CMakeFiles/cmTryCompileExec2914842571.dir/CLOCK_T.c.o
/usr/bin/cc    -o CMakeFiles/cmTryCompileExec2914842571.dir/CLOCK_T.c.o   -c /home/neil/Documents/cs4098/check/build/CMakeFiles/CheckTypeSize/CLOCK_T.c
Linking C executable cmTryCompileExec2914842571
/usr/bin/cmake -E cmake_link_script CMakeFiles/cmTryCompileExec2914842571.dir/link.txt --verbose=1
/usr/bin/cc       CMakeFiles/cmTryCompileExec2914842571.dir/CLOCK_T.c.o  -o cmTryCompileExec2914842571 -rdynamic 
make[1]: Leaving directory `/home/neil/Documents/cs4098/check/build/CMakeFiles/CMakeTmp'


Determining size of clockid_t passed with the following output:
Change Dir: /home/neil/Documents/cs4098/check/build/CMakeFiles/CMakeTmp

Run Build Command:/usr/bin/make "cmTryCompileExec3958413754/fast"
/usr/bin/make -f CMakeFiles/cmTryCompileExec3958413754.dir/build.make CMakeFiles/cmTryCompileExec3958413754.dir/build
make[1]: Entering directory `/home/neil/Documents/cs4098/check/build/CMakeFiles/CMakeTmp'
/usr/bin/cmake -E cmake_progress_report /home/neil/Documents/cs4098/check/build/CMakeFiles/CMakeTmp/CMakeFiles 1
Building C object CMakeFiles/cmTryCompileExec3958413754.dir/CLOCKID_T.c.o
/usr/bin/cc    -o CMakeFiles/cmTryCompileExec3958413754.dir/CLOCKID_T.c.o   -c /home/neil/Documents/cs4098/check/build/CMakeFiles/CheckTypeSize/CLOCKID_T.c
Linking C executable cmTryCompileExec3958413754
/usr/bin/cmake -E cmake_link_script CMakeFiles/cmTryCompileExec3958413754.dir/link.txt --verbose=1
/usr/bin/cc       CMakeFiles/cmTryCompileExec3958413754.dir/CLOCKID_T.c.o  -o cmTryCompileExec3958413754 -rdynamic 
make[1]: Leaving directory `/home/neil/Documents/cs4098/check/build/CMakeFiles/CMakeTmp'


Determining size of size_t passed with the following output:
Change Dir: /home/neil/Documents/cs4098/check/build/CMakeFiles/CMakeTmp

Run Build Command:/usr/bin/make "cmTryCompileExec2076934864/fast"
/usr/bin/make -f CMakeFiles/cmTryCompileExec2076934864.dir/build.make CMakeFiles/cmTryCompileExec2076934864.dir/build
make[1]: Entering directory `/home/neil/Documents/cs4098/check/build/CMakeFiles/CMakeTmp'
/usr/bin/cmake -E cmake_progress_report /home/neil/Documents/cs4098/check/build/CMakeFiles/CMakeTmp/CMakeFiles 1
Building C object CMakeFiles/cmTryCompileExec2076934864.dir/SIZE_T.c.o
/usr/bin/cc    -o CMakeFiles/cmTryCompileExec2076934864.dir/SIZE_T.c.o   -c /home/neil/Documents/cs4098/check/build/CMakeFiles/CheckTypeSize/SIZE_T.c
Linking C executable cmTryCompileExec2076934864
/usr/bin/cmake -E cmake_link_script CMakeFiles/cmTryCompileExec2076934864.dir/link.txt --verbose=1
/usr/bin/cc       CMakeFiles/cmTryCompileExec2076934864.dir/SIZE_T.c.o  -o cmTryCompileExec2076934864 -rdynamic 
make[1]: Leaving directory `/home/neil/Documents/cs4098/check/build/CMakeFiles/CMakeTmp'


Determining size of ssize_t passed with the following output:
Change Dir: /home/neil/Documents/cs4098/check/build/CMakeFiles/CMakeTmp

Run Build Command:/usr/bin/make "cmTryCompileExec484153468/fast"
/usr/bin/make -f CMakeFiles/cmTryCompileExec484153468.dir/build.make CMakeFiles/cmTryCompileExec484153468.dir/build
make[1]: Entering directory `/home/neil/Documents/cs4098/check/build/CMakeFiles/CMakeTmp'
/usr/bin/cmake -E cmake_progress_report /home/neil/Documents/cs4098/check/build/CMakeFiles/CMakeTmp/CMakeFiles 1
Building C object CMakeFiles/cmTryCompileExec484153468.dir/SSIZE_T.c.o
/usr/bin/cc    -o CMakeFiles/cmTryCompileExec484153468.dir/SSIZE_T.c.o   -c /home/neil/Documents/cs4098/check/build/CMakeFiles/CheckTypeSize/SSIZE_T.c
Linking C executable cmTryCompileExec484153468
/usr/bin/cmake -E cmake_link_script CMakeFiles/cmTryCompileExec484153468.dir/link.txt --verbose=1
/usr/bin/cc       CMakeFiles/cmTryCompileExec484153468.dir/SSIZE_T.c.o  -o cmTryCompileExec484153468 -rdynamic 
make[1]: Leaving directory `/home/neil/Documents/cs4098/check/build/CMakeFiles/CMakeTmp'


Determining size of pid_t passed with the following output:
Change Dir: /home/neil/Documents/cs4098/check/build/CMakeFiles/CMakeTmp

Run Build Command:/usr/bin/make "cmTryCompileExec3266306321/fast"
/usr/bin/make -f CMakeFiles/cmTryCompileExec3266306321.dir/build.make CMakeFiles/cmTryCompileExec3266306321.dir/build
make[1]: Entering directory `/home/neil/Documents/cs4098/check/build/CMakeFiles/CMakeTmp'
/usr/bin/cmake -E cmake_progress_report /home/neil/Documents/cs4098/check/build/CMakeFiles/CMakeTmp/CMakeFiles 1
Building C object CMakeFiles/cmTryCompileExec3266306321.dir/PID_T.c.o
/usr/bin/cc    -o CMakeFiles/cmTryCompileExec3266306321.dir/PID_T.c.o   -c /home/neil/Documents/cs4098/check/build/CMakeFiles/CheckTypeSize/PID_T.c
Linking C executable cmTryCompileExec3266306321
/usr/bin/cmake -E cmake_link_script CMakeFiles/cmTryCompileExec3266306321.dir/link.txt --verbose=1
/usr/bin/cc       CMakeFiles/cmTryCompileExec3266306321.dir/PID_T.c.o  -o cmTryCompileExec3266306321 -rdynamic 
make[1]: Leaving directory `/home/neil/Documents/cs4098/check/build/CMakeFiles/CMakeTmp'


Determining size of timer_t passed with the following output:
Change Dir: /home/neil/Documents/cs4098/check/build/CMakeFiles/CMakeTmp

Run Build Command:/usr/bin/make "cmTryCompileExec3973416780/fast"
/usr/bin/make -f CMakeFiles/cmTryCompileExec3973416780.dir/build.make CMakeFiles/cmTryCompileExec3973416780.dir/build
make[1]: Entering directory `/home/neil/Documents/cs4098/check/build/CMakeFiles/CMakeTmp'
/usr/bin/cmake -E cmake_progress_report /home/neil/Documents/cs4098/check/build/CMakeFiles/CMakeTmp/CMakeFiles 1
Building C object CMakeFiles/cmTryCompileExec3973416780.dir/TIMER_T.c.o
/usr/bin/cc    -o CMakeFiles/cmTryCompileExec3973416780.dir/TIMER_T.c.o   -c /home/neil/Documents/cs4098/check/build/CMakeFiles/CheckTypeSize/TIMER_T.c
Linking C executable cmTryCompileExec3973416780
/usr/bin/cmake -E cmake_link_script CMakeFiles/cmTryCompileExec3973416780.dir/link.txt --verbose=1
/usr/bin/cc       CMakeFiles/cmTryCompileExec3973416780.dir/TIMER_T.c.o  -o cmTryCompileExec3973416780 -rdynamic 
make[1]: Leaving directory `/home/neil/Documents/cs4098/check/build/CMakeFiles/CMakeTmp'


Determining if the function floor exists in the m passed with the following output:
Change Dir: /home/neil/Documents/cs4098/check/build/CMakeFiles/CMakeTmp

Run Build Command:/usr/bin/make "cmTryCompileExec3268514917/fast"
/usr/bin/make -f CMakeFiles/cmTryCompileExec3268514917.dir/build.make CMakeFiles/cmTryCompileExec3268514917.dir/build
make[1]: Entering directory `/home/neil/Documents/cs4098/check/build/CMakeFiles/CMakeTmp'
/usr/bin/cmake -E cmake_progress_report /home/neil/Documents/cs4098/check/build/CMakeFiles/CMakeTmp/CMakeFiles 1
Building C object CMakeFiles/cmTryCompileExec3268514917.dir/CheckFunctionExists.c.o
/usr/bin/cc   -DCHECK_FUNCTION_EXISTS=floor   -o CMakeFiles/cmTryCompileExec3268514917.dir/CheckFunctionExists.c.o   -c /usr/share/cmake-2.8/Modules/CheckFunctionExists.c
<command-line>:0:23: warning: conflicting types for built-in function ‘floor’ [enabled by default]
/usr/share/cmake-2.8/Modules/CheckFunctionExists.c:3:6: note: in expansion of macro ‘CHECK_FUNCTION_EXISTS’
 char CHECK_FUNCTION_EXISTS();
      ^
Linking C executable cmTryCompileExec3268514917
/usr/bin/cmake -E cmake_link_script CMakeFiles/cmTryCompileExec3268514917.dir/link.txt --verbose=1
/usr/bin/cc   -DCHECK_FUNCTION_EXISTS=floor    CMakeFiles/cmTryCompileExec3268514917.dir/CheckFunctionExists.c.o  -o cmTryCompileExec3268514917 -rdynamic -lm 
make[1]: Leaving directory `/home/neil/Documents/cs4098/check/build/CMakeFiles/CMakeTmp'


Determining if the function clock_gettime exists in the rt passed with the following output:
Change Dir: /home/neil/Documents/cs4098/check/build/CMakeFiles/CMakeTmp

Run Build Command:/usr/bin/make "cmTryCompileExec1283591735/fast"
/usr/bin/make -f CMakeFiles/cmTryCompileExec1283591735.dir/build.make CMakeFiles/cmTryCompileExec1283591735.dir/build
make[1]: Entering directory `/home/neil/Documents/cs4098/check/build/CMakeFiles/CMakeTmp'
/usr/bin/cmake -E cmake_progress_report /home/neil/Documents/cs4098/check/build/CMakeFiles/CMakeTmp/CMakeFiles 1
Building C object CMakeFiles/cmTryCompileExec1283591735.dir/CheckFunctionExists.c.o
/usr/bin/cc   -DCHECK_FUNCTION_EXISTS=clock_gettime   -o CMakeFiles/cmTryCompileExec1283591735.dir/CheckFunctionExists.c.o   -c /usr/share/cmake-2.8/Modules/CheckFunctionExists.c
Linking C executable cmTryCompileExec1283591735
/usr/bin/cmake -E cmake_link_script CMakeFiles/cmTryCompileExec1283591735.dir/link.txt --verbose=1
/usr/bin/cc   -DCHECK_FUNCTION_EXISTS=clock_gettime    CMakeFiles/cmTryCompileExec1283591735.dir/CheckFunctionExists.c.o  -o cmTryCompileExec1283591735 -rdynamic -lrt 
make[1]: Leaving directory `/home/neil/Documents/cs4098/check/build/CMakeFiles/CMakeTmp'


